[0.088s] DEBUG:colcon:Command line arguments: ['/usr/bin/colcon', 'list', '-p', '--base-paths', '/home/xu/ACE/Script_db3_to_mp4-main']
[0.088s] DEBUG:colcon:Parsed command line arguments: Namespace(log_base=None, log_level=None, verb_name='list', build_base='build', ignore_user_meta=False, metas=['./colcon.meta'], base_paths=['/home/xu/ACE/Script_db3_to_mp4-main'], packages_ignore=None, packages_ignore_regex=None, paths=None, packages_up_to=None, packages_up_to_regex=None, packages_above=None, packages_above_and_dependencies=None, packages_above_depth=None, packages_select_by_dep=None, packages_skip_by_dep=None, packages_skip_up_to=None, packages_select_build_failed=False, packages_skip_build_finished=False, packages_select_test_failures=False, packages_skip_test_passed=False, packages_select=None, packages_skip=None, packages_select_regex=None, packages_skip_regex=None, packages_start=None, packages_end=None, allow_overriding=[], topological_order=False, names_only=False, paths_only=True, topological_graph=False, topological_graph_dot=False, topological_graph_density=False, topological_graph_legend=False, topological_graph_dot_cluster=False, topological_graph_dot_include_skipped=False, mixin_files=None, mixin=None, verb_parser=<colcon_mixin.mixin.mixin_argument.MixinArgumentDecorator object at 0x7d0b62d43640>, verb_extension=<colcon_package_information.verb.list.ListVerb object at 0x7d0b62d427a0>, main=<bound method ListVerb.main of <colcon_package_information.verb.list.ListVerb object at 0x7d0b62d427a0>>, mixin_verb=('list',))
[0.215s] Level 1:colcon.colcon_core.package_discovery:discover_packages(colcon_meta) check parameters
[0.215s] Level 1:colcon.colcon_core.package_discovery:discover_packages(recursive) check parameters
[0.215s] Level 1:colcon.colcon_core.package_discovery:discover_packages(ignore) check parameters
[0.215s] Level 1:colcon.colcon_core.package_discovery:discover_packages(path) check parameters
[0.215s] Level 1:colcon.colcon_core.package_discovery:discover_packages(recursive) discover
[0.215s] INFO:colcon.colcon_core.package_discovery:Crawling recursively for packages in '/home/xu/ACE/Script_db3_to_mp4-main'
[0.215s] Level 1:colcon.colcon_core.package_identification:_identify(/home/xu/ACE/Script_db3_to_mp4-main) by extensions ['ignore', 'ignore_ament_install']
[0.215s] Level 1:colcon.colcon_core.package_identification:_identify(/home/xu/ACE/Script_db3_to_mp4-main) by extension 'ignore'
[0.216s] Level 1:colcon.colcon_core.package_identification:_identify(/home/xu/ACE/Script_db3_to_mp4-main) by extension 'ignore_ament_install'
[0.216s] Level 1:colcon.colcon_core.package_identification:_identify(/home/xu/ACE/Script_db3_to_mp4-main) by extensions ['colcon_pkg']
[0.216s] Level 1:colcon.colcon_core.package_identification:_identify(/home/xu/ACE/Script_db3_to_mp4-main) by extension 'colcon_pkg'
[0.216s] Level 1:colcon.colcon_core.package_identification:_identify(/home/xu/ACE/Script_db3_to_mp4-main) by extensions ['colcon_meta']
[0.216s] Level 1:colcon.colcon_core.package_identification:_identify(/home/xu/ACE/Script_db3_to_mp4-main) by extension 'colcon_meta'
[0.216s] Level 1:colcon.colcon_core.package_identification:_identify(/home/xu/ACE/Script_db3_to_mp4-main) by extensions ['ros']
[0.216s] Level 1:colcon.colcon_core.package_identification:_identify(/home/xu/ACE/Script_db3_to_mp4-main) by extension 'ros'
[0.229s] Level 1:colcon.colcon_core.package_identification:_identify(/home/xu/ACE/Script_db3_to_mp4-main) by extensions ['cmake', 'python']
[0.229s] Level 1:colcon.colcon_core.package_identification:_identify(/home/xu/ACE/Script_db3_to_mp4-main) by extension 'cmake'
[0.229s] Level 1:colcon.colcon_core.package_identification:_identify(/home/xu/ACE/Script_db3_to_mp4-main) by extension 'python'
[0.229s] Level 1:colcon.colcon_core.package_identification:_identify(/home/xu/ACE/Script_db3_to_mp4-main) by extensions ['python_setup_py']
[0.229s] Level 1:colcon.colcon_core.package_identification:_identify(/home/xu/ACE/Script_db3_to_mp4-main) by extension 'python_setup_py'
[0.229s] Level 1:colcon.colcon_core.package_identification:_identify(/home/xu/ACE/Script_db3_to_mp4-main/build) by extensions ['ignore', 'ignore_ament_install']
[0.229s] Level 1:colcon.colcon_core.package_identification:_identify(/home/xu/ACE/Script_db3_to_mp4-main/build) by extension 'ignore'
[0.229s] Level 1:colcon.colcon_core.package_identification:_identify(/home/xu/ACE/Script_db3_to_mp4-main/build) ignored
[0.229s] Level 1:colcon.colcon_core.package_identification:_identify(/home/xu/ACE/Script_db3_to_mp4-main/install) by extensions ['ignore', 'ignore_ament_install']
[0.229s] Level 1:colcon.colcon_core.package_identification:_identify(/home/xu/ACE/Script_db3_to_mp4-main/install) by extension 'ignore'
[0.229s] Level 1:colcon.colcon_core.package_identification:_identify(/home/xu/ACE/Script_db3_to_mp4-main/install) ignored
[0.230s] Level 1:colcon.colcon_core.package_identification:_identify(/home/xu/ACE/Script_db3_to_mp4-main/log) by extensions ['ignore', 'ignore_ament_install']
[0.230s] Level 1:colcon.colcon_core.package_identification:_identify(/home/xu/ACE/Script_db3_to_mp4-main/log) by extension 'ignore'
[0.230s] Level 1:colcon.colcon_core.package_identification:_identify(/home/xu/ACE/Script_db3_to_mp4-main/log) ignored
[0.230s] Level 1:colcon.colcon_core.package_identification:_identify(/home/xu/ACE/Script_db3_to_mp4-main/src) by extensions ['ignore', 'ignore_ament_install']
[0.230s] Level 1:colcon.colcon_core.package_identification:_identify(/home/xu/ACE/Script_db3_to_mp4-main/src) by extension 'ignore'
[0.230s] Level 1:colcon.colcon_core.package_identification:_identify(/home/xu/ACE/Script_db3_to_mp4-main/src) by extension 'ignore_ament_install'
[0.230s] Level 1:colcon.colcon_core.package_identification:_identify(/home/xu/ACE/Script_db3_to_mp4-main/src) by extensions ['colcon_pkg']
[0.230s] Level 1:colcon.colcon_core.package_identification:_identify(/home/xu/ACE/Script_db3_to_mp4-main/src) by extension 'colcon_pkg'
[0.230s] Level 1:colcon.colcon_core.package_identification:_identify(/home/xu/ACE/Script_db3_to_mp4-main/src) by extensions ['colcon_meta']
[0.230s] Level 1:colcon.colcon_core.package_identification:_identify(/home/xu/ACE/Script_db3_to_mp4-main/src) by extension 'colcon_meta'
[0.230s] Level 1:colcon.colcon_core.package_identification:_identify(/home/xu/ACE/Script_db3_to_mp4-main/src) by extensions ['ros']
[0.230s] Level 1:colcon.colcon_core.package_identification:_identify(/home/xu/ACE/Script_db3_to_mp4-main/src) by extension 'ros'
[0.230s] Level 1:colcon.colcon_core.package_identification:_identify(/home/xu/ACE/Script_db3_to_mp4-main/src) by extensions ['cmake', 'python']
[0.230s] Level 1:colcon.colcon_core.package_identification:_identify(/home/xu/ACE/Script_db3_to_mp4-main/src) by extension 'cmake'
[0.230s] Level 1:colcon.colcon_core.package_identification:_identify(/home/xu/ACE/Script_db3_to_mp4-main/src) by extension 'python'
[0.230s] Level 1:colcon.colcon_core.package_identification:_identify(/home/xu/ACE/Script_db3_to_mp4-main/src) by extensions ['python_setup_py']
[0.231s] Level 1:colcon.colcon_core.package_identification:_identify(/home/xu/ACE/Script_db3_to_mp4-main/src) by extension 'python_setup_py'
[0.231s] Level 1:colcon.colcon_core.package_identification:_identify(/home/xu/ACE/Script_db3_to_mp4-main/src/rosbag_vision) by extensions ['ignore', 'ignore_ament_install']
[0.231s] Level 1:colcon.colcon_core.package_identification:_identify(/home/xu/ACE/Script_db3_to_mp4-main/src/rosbag_vision) by extension 'ignore'
[0.231s] Level 1:colcon.colcon_core.package_identification:_identify(/home/xu/ACE/Script_db3_to_mp4-main/src/rosbag_vision) by extension 'ignore_ament_install'
[0.231s] Level 1:colcon.colcon_core.package_identification:_identify(/home/xu/ACE/Script_db3_to_mp4-main/src/rosbag_vision) by extensions ['colcon_pkg']
[0.231s] Level 1:colcon.colcon_core.package_identification:_identify(/home/xu/ACE/Script_db3_to_mp4-main/src/rosbag_vision) by extension 'colcon_pkg'
[0.231s] Level 1:colcon.colcon_core.package_identification:_identify(/home/xu/ACE/Script_db3_to_mp4-main/src/rosbag_vision) by extensions ['colcon_meta']
[0.231s] Level 1:colcon.colcon_core.package_identification:_identify(/home/xu/ACE/Script_db3_to_mp4-main/src/rosbag_vision) by extension 'colcon_meta'
[0.231s] Level 1:colcon.colcon_core.package_identification:_identify(/home/xu/ACE/Script_db3_to_mp4-main/src/rosbag_vision) by extensions ['ros']
[0.231s] Level 1:colcon.colcon_core.package_identification:_identify(/home/xu/ACE/Script_db3_to_mp4-main/src/rosbag_vision) by extension 'ros'
[0.235s] DEBUG:colcon.colcon_core.package_identification:Package '/home/xu/ACE/Script_db3_to_mp4-main/src/rosbag_vision' with type 'ros.ament_cmake' and name 'rosbag_vision'
[0.235s] Level 1:colcon.colcon_core.package_identification:_identify(/home/xu/ACE/Script_db3_to_mp4-main/src/utils) by extensions ['ignore', 'ignore_ament_install']
[0.235s] Level 1:colcon.colcon_core.package_identification:_identify(/home/xu/ACE/Script_db3_to_mp4-main/src/utils) by extension 'ignore'
[0.236s] Level 1:colcon.colcon_core.package_identification:_identify(/home/xu/ACE/Script_db3_to_mp4-main/src/utils) by extension 'ignore_ament_install'
[0.236s] Level 1:colcon.colcon_core.package_identification:_identify(/home/xu/ACE/Script_db3_to_mp4-main/src/utils) by extensions ['colcon_pkg']
[0.236s] Level 1:colcon.colcon_core.package_identification:_identify(/home/xu/ACE/Script_db3_to_mp4-main/src/utils) by extension 'colcon_pkg'
[0.236s] Level 1:colcon.colcon_core.package_identification:_identify(/home/xu/ACE/Script_db3_to_mp4-main/src/utils) by extensions ['colcon_meta']
[0.236s] Level 1:colcon.colcon_core.package_identification:_identify(/home/xu/ACE/Script_db3_to_mp4-main/src/utils) by extension 'colcon_meta'
[0.236s] Level 1:colcon.colcon_core.package_identification:_identify(/home/xu/ACE/Script_db3_to_mp4-main/src/utils) by extensions ['ros']
[0.236s] Level 1:colcon.colcon_core.package_identification:_identify(/home/xu/ACE/Script_db3_to_mp4-main/src/utils) by extension 'ros'
[0.236s] Level 1:colcon.colcon_core.package_identification:_identify(/home/xu/ACE/Script_db3_to_mp4-main/src/utils) by extensions ['cmake', 'python']
[0.236s] Level 1:colcon.colcon_core.package_identification:_identify(/home/xu/ACE/Script_db3_to_mp4-main/src/utils) by extension 'cmake'
[0.236s] Level 1:colcon.colcon_core.package_identification:_identify(/home/xu/ACE/Script_db3_to_mp4-main/src/utils) by extension 'python'
[0.236s] Level 1:colcon.colcon_core.package_identification:_identify(/home/xu/ACE/Script_db3_to_mp4-main/src/utils) by extensions ['python_setup_py']
[0.236s] Level 1:colcon.colcon_core.package_identification:_identify(/home/xu/ACE/Script_db3_to_mp4-main/src/utils) by extension 'python_setup_py'
[0.236s] Level 1:colcon.colcon_core.package_identification:_identify(/home/xu/ACE/Script_db3_to_mp4-main/src/utils/rosbag_player) by extensions ['ignore', 'ignore_ament_install']
[0.236s] Level 1:colcon.colcon_core.package_identification:_identify(/home/xu/ACE/Script_db3_to_mp4-main/src/utils/rosbag_player) by extension 'ignore'
[0.236s] Level 1:colcon.colcon_core.package_identification:_identify(/home/xu/ACE/Script_db3_to_mp4-main/src/utils/rosbag_player) by extension 'ignore_ament_install'
[0.237s] Level 1:colcon.colcon_core.package_identification:_identify(/home/xu/ACE/Script_db3_to_mp4-main/src/utils/rosbag_player) by extensions ['colcon_pkg']
[0.237s] Level 1:colcon.colcon_core.package_identification:_identify(/home/xu/ACE/Script_db3_to_mp4-main/src/utils/rosbag_player) by extension 'colcon_pkg'
[0.237s] Level 1:colcon.colcon_core.package_identification:_identify(/home/xu/ACE/Script_db3_to_mp4-main/src/utils/rosbag_player) by extensions ['colcon_meta']
[0.237s] Level 1:colcon.colcon_core.package_identification:_identify(/home/xu/ACE/Script_db3_to_mp4-main/src/utils/rosbag_player) by extension 'colcon_meta'
[0.237s] Level 1:colcon.colcon_core.package_identification:_identify(/home/xu/ACE/Script_db3_to_mp4-main/src/utils/rosbag_player) by extensions ['ros']
[0.237s] Level 1:colcon.colcon_core.package_identification:_identify(/home/xu/ACE/Script_db3_to_mp4-main/src/utils/rosbag_player) by extension 'ros'
[0.239s] DEBUG:colcon.colcon_core.package_identification:Package '/home/xu/ACE/Script_db3_to_mp4-main/src/utils/rosbag_player' with type 'ros.ament_cmake' and name 'rosbag_player'
[0.239s] Level 1:colcon.colcon_core.package_discovery:discover_packages(recursive) using defaults
