-- The C compiler identification is GNU 11.4.0
-- The CXX compiler identification is GNU 11.4.0
-- Detecting C compiler ABI info
-- Detecting C compiler ABI info - done
-- Check for working C compiler: /usr/bin/cc - skipped
-- Detecting C compile features
-- Detecting C compile features - done
-- Detecting CXX compiler ABI info
-- Detecting CXX compiler ABI info - done
-- Check for working CXX compiler: /usr/bin/c++ - skipped
-- Detecting CXX compile features
-- Detecting CXX compile features - done
-- Found ament_cmake_auto: 1.3.11 (/opt/ros/humble/share/ament_cmake_auto/cmake)
-- Found Python3: /usr/bin/python3 (found version "3.10.12") found components: Interpreter
-- Using all available rosidl_typesupport_c: rosidl_typesupport_fastrtps_c;rosidl_typesupport_introspection_c
-- Found rosidl_adapter: 3.1.5 (/opt/ros/humble/share/rosidl_adapter/cmake)
-- Using all available rosidl_typesupport_cpp: rosidl_typesupport_fastrtps_cpp;rosidl_typesupport_introspection_cpp
-- Found rmw_implementation_cmake: 6.1.2 (/opt/ros/humble/share/rmw_implementation_cmake/cmake)
-- Found rmw_fastrtps_cpp: 6.2.7 (/opt/ros/humble/share/rmw_fastrtps_cpp/cmake)
-- Found OpenSSL: /usr/lib/x86_64-linux-gnu/libcrypto.so (found version "3.0.2")
-- Found FastRTPS: /opt/ros/humble/include
-- Using RMW implementation 'rmw_fastrtps_cpp' as default
-- Performing Test CMAKE_HAVE_LIBC_PTHREAD
-- Performing Test CMAKE_HAVE_LIBC_PTHREAD - Success
-- Found Threads: TRUE
-- Configuring done (0.9s)
-- Generating done (0.0s)
-- Build files have been written to: /home/xu/ACE/Script_db3_to_mp4-main/build/rosbag_player
[ 25%] [32mBuilding CXX object CMakeFiles/rosbag_player.dir/rosbag_player.cpp.o[0m
[ 50%] [32mBuilding CXX object CMakeFiles/rosbag_player_node.dir/rclcpp_components/node_main_rosbag_player_node.cpp.o[0m
[ 75%] [32m[1mLinking CXX executable rosbag_player_node[0m
[ 75%] Built target rosbag_player_node
[100%] [32m[1mLinking CXX shared library librosbag_player.so[0m
[100%] Built target rosbag_player
-- Install configuration: ""
-- Installing: /home/xu/ACE/Script_db3_to_mp4-main/install/rosbag_player/lib/rosbag_player/rosbag_player_node
-- Set non-toolchain portion of runtime path of "/home/xu/ACE/Script_db3_to_mp4-main/install/rosbag_player/lib/rosbag_player/rosbag_player_node" to ""
-- Installing: /home/xu/ACE/Script_db3_to_mp4-main/install/rosbag_player/share/rosbag_player/environment/library_path.sh
-- Installing: /home/xu/ACE/Script_db3_to_mp4-main/install/rosbag_player/share/rosbag_player/environment/library_path.dsv
-- Installing: /home/xu/ACE/Script_db3_to_mp4-main/install/rosbag_player/lib/librosbag_player.so
-- Set non-toolchain portion of runtime path of "/home/xu/ACE/Script_db3_to_mp4-main/install/rosbag_player/lib/librosbag_player.so" to ""
-- Installing: /home/xu/ACE/Script_db3_to_mp4-main/install/rosbag_player/share/ament_index/resource_index/package_run_dependencies/rosbag_player
-- Installing: /home/xu/ACE/Script_db3_to_mp4-main/install/rosbag_player/share/ament_index/resource_index/parent_prefix_path/rosbag_player
-- Installing: /home/xu/ACE/Script_db3_to_mp4-main/install/rosbag_player/share/rosbag_player/environment/ament_prefix_path.sh
-- Installing: /home/xu/ACE/Script_db3_to_mp4-main/install/rosbag_player/share/rosbag_player/environment/ament_prefix_path.dsv
-- Installing: /home/xu/ACE/Script_db3_to_mp4-main/install/rosbag_player/share/rosbag_player/environment/path.sh
-- Installing: /home/xu/ACE/Script_db3_to_mp4-main/install/rosbag_player/share/rosbag_player/environment/path.dsv
-- Installing: /home/xu/ACE/Script_db3_to_mp4-main/install/rosbag_player/share/rosbag_player/local_setup.bash
-- Installing: /home/xu/ACE/Script_db3_to_mp4-main/install/rosbag_player/share/rosbag_player/local_setup.sh
-- Installing: /home/xu/ACE/Script_db3_to_mp4-main/install/rosbag_player/share/rosbag_player/local_setup.zsh
-- Installing: /home/xu/ACE/Script_db3_to_mp4-main/install/rosbag_player/share/rosbag_player/local_setup.dsv
-- Installing: /home/xu/ACE/Script_db3_to_mp4-main/install/rosbag_player/share/rosbag_player/package.dsv
-- Installing: /home/xu/ACE/Script_db3_to_mp4-main/install/rosbag_player/share/ament_index/resource_index/packages/rosbag_player
-- Installing: /home/xu/ACE/Script_db3_to_mp4-main/install/rosbag_player/share/ament_index/resource_index/rclcpp_components/rosbag_player
-- Installing: /home/xu/ACE/Script_db3_to_mp4-main/install/rosbag_player/share/rosbag_player/cmake/ament_cmake_export_dependencies-extras.cmake
-- Installing: /home/xu/ACE/Script_db3_to_mp4-main/install/rosbag_player/share/rosbag_player/cmake/ament_cmake_export_libraries-extras.cmake
-- Installing: /home/xu/ACE/Script_db3_to_mp4-main/install/rosbag_player/share/rosbag_player/cmake/rosbag_playerConfig.cmake
-- Installing: /home/xu/ACE/Script_db3_to_mp4-main/install/rosbag_player/share/rosbag_player/cmake/rosbag_playerConfig-version.cmake
-- Installing: /home/xu/ACE/Script_db3_to_mp4-main/install/rosbag_player/share/rosbag_player/package.xml
