[0.008s] Invoking command in '/home/xu/ACE/Script_db3_to_mp4-main/build/rosbag_player': CMAKE_PREFIX_PATH=/opt/ros/humble /usr/local/bin/cmake /home/xu/ACE/Script_db3_to_mp4-main/src/utils/rosbag_player -DCMAKE_EXPORT_COMPILE_COMMANDS=ON -DCMAKE_INSTALL_PREFIX=/home/xu/ACE/Script_db3_to_mp4-main/install/rosbag_player
[0.042s] -- The C compiler identification is GNU 11.4.0
[0.081s] -- The CXX compiler identification is GNU 11.4.0
[0.088s] -- Detecting C compiler ABI info
[0.139s] -- Detecting C compiler ABI info - done
[0.165s] -- Check for working C compiler: /usr/bin/cc - skipped
[0.165s] -- Detecting C compile features
[0.165s] -- Detecting C compile features - done
[0.169s] -- Detecting CXX compiler ABI info
[0.231s] -- Detecting CXX compiler ABI info - done
[0.242s] -- Check for working CXX compiler: /usr/bin/c++ - skipped
[0.242s] -- Detecting CXX compile features
[0.243s] -- Detecting CXX compile features - done
[0.244s] -- Found ament_cmake_auto: 1.3.11 (/opt/ros/humble/share/ament_cmake_auto/cmake)
[0.343s] -- Found Python3: /usr/bin/python3 (found version "3.10.12") found components: Interpreter
[0.446s] -- Using all available rosidl_typesupport_c: rosidl_typesupport_fastrtps_c;rosidl_typesupport_introspection_c
[0.450s] -- Found rosidl_adapter: 3.1.5 (/opt/ros/humble/share/rosidl_adapter/cmake)
[0.475s] -- Using all available rosidl_typesupport_cpp: rosidl_typesupport_fastrtps_cpp;rosidl_typesupport_introspection_cpp
[0.533s] -- Found rmw_implementation_cmake: 6.1.2 (/opt/ros/humble/share/rmw_implementation_cmake/cmake)
[0.534s] -- Found rmw_fastrtps_cpp: 6.2.7 (/opt/ros/humble/share/rmw_fastrtps_cpp/cmake)
[0.587s] -- Found OpenSSL: /usr/lib/x86_64-linux-gnu/libcrypto.so (found version "3.0.2")
[0.610s] -- Found FastRTPS: /opt/ros/humble/include
[0.639s] -- Using RMW implementation 'rmw_fastrtps_cpp' as default
[0.644s] -- Performing Test CMAKE_HAVE_LIBC_PTHREAD
[0.693s] -- Performing Test CMAKE_HAVE_LIBC_PTHREAD - Success
[0.693s] -- Found Threads: TRUE
[0.901s] -- Configuring done (0.9s)
[0.904s] [33mCMake Warning (dev) at /opt/ros/humble/share/rosbag2_storage/cmake/export_rosbag2_storageExport.cmake:56 (set_target_properties):
[0.904s]   The library that is being linked to, yaml-cpp, is marked as being
[0.904s]   deprecated by the owner.  The message provided by the developer is:
[0.904s] 
[0.904s]   The target yaml-cpp is deprecated and will be removed in version 0.10.0.
[0.904s]   Use the yaml-cpp::yaml-cpp target instead.
[0.904s] 
[0.904s] Call Stack (most recent call first):
[0.904s]   /opt/ros/humble/share/rosbag2_storage/cmake/ament_cmake_export_targets-extras.cmake:9 (include)
[0.904s]   /opt/ros/humble/share/rosbag2_storage/cmake/rosbag2_storageConfig.cmake:41 (include)
[0.904s]   /opt/ros/humble/share/rosbag2_cpp/cmake/ament_cmake_export_dependencies-extras.cmake:21 (find_package)
[0.904s]   /opt/ros/humble/share/rosbag2_cpp/cmake/rosbag2_cppConfig.cmake:41 (include)
[0.905s]   /opt/ros/humble/share/ament_cmake_auto/cmake/ament_auto_find_build_dependencies.cmake:67 (find_package)
[0.905s]   CMakeLists.txt:25 (ament_auto_find_build_dependencies)
[0.905s] This warning is for project developers.  Use -Wno-dev to suppress it.
[0.905s] [0m
[0.906s] [33mCMake Warning (dev) at /opt/ros/humble/share/rosbag2_storage/cmake/export_rosbag2_storageExport.cmake:56 (set_target_properties):
[0.906s]   The library that is being linked to, yaml-cpp, is marked as being
[0.906s]   deprecated by the owner.  The message provided by the developer is:
[0.906s] 
[0.906s]   The target yaml-cpp is deprecated and will be removed in version 0.10.0.
[0.906s]   Use the yaml-cpp::yaml-cpp target instead.
[0.906s] 
[0.906s] Call Stack (most recent call first):
[0.906s]   /opt/ros/humble/share/rosbag2_storage/cmake/ament_cmake_export_targets-extras.cmake:9 (include)
[0.906s]   /opt/ros/humble/share/rosbag2_storage/cmake/rosbag2_storageConfig.cmake:41 (include)
[0.906s]   /opt/ros/humble/share/rosbag2_cpp/cmake/ament_cmake_export_dependencies-extras.cmake:21 (find_package)
[0.906s]   /opt/ros/humble/share/rosbag2_cpp/cmake/rosbag2_cppConfig.cmake:41 (include)
[0.906s]   /opt/ros/humble/share/ament_cmake_auto/cmake/ament_auto_find_build_dependencies.cmake:67 (find_package)
[0.906s]   CMakeLists.txt:25 (ament_auto_find_build_dependencies)
[0.907s] This warning is for project developers.  Use -Wno-dev to suppress it.
[0.907s] [0m
[0.920s] -- Generating done (0.0s)
[0.921s] -- Build files have been written to: /home/xu/ACE/Script_db3_to_mp4-main/build/rosbag_player
[0.929s] Invoked command in '/home/xu/ACE/Script_db3_to_mp4-main/build/rosbag_player' returned '0': CMAKE_PREFIX_PATH=/opt/ros/humble /usr/local/bin/cmake /home/xu/ACE/Script_db3_to_mp4-main/src/utils/rosbag_player -DCMAKE_EXPORT_COMPILE_COMMANDS=ON -DCMAKE_INSTALL_PREFIX=/home/xu/ACE/Script_db3_to_mp4-main/install/rosbag_player
[0.931s] Invoking command in '/home/xu/ACE/Script_db3_to_mp4-main/build/rosbag_player': CMAKE_PREFIX_PATH=/opt/ros/humble /usr/local/bin/cmake --build /home/xu/ACE/Script_db3_to_mp4-main/build/rosbag_player -- -j12 -l12
[0.954s] [ 25%] [32mBuilding CXX object CMakeFiles/rosbag_player.dir/rosbag_player.cpp.o[0m
[0.954s] [ 50%] [32mBuilding CXX object CMakeFiles/rosbag_player_node.dir/rclcpp_components/node_main_rosbag_player_node.cpp.o[0m
[3.260s] [ 75%] [32m[1mLinking CXX executable rosbag_player_node[0m
[3.333s] [ 75%] Built target rosbag_player_node
[5.853s] [100%] [32m[1mLinking CXX shared library librosbag_player.so[0m
[6.030s] [100%] Built target rosbag_player
[6.035s] Invoked command in '/home/xu/ACE/Script_db3_to_mp4-main/build/rosbag_player' returned '0': CMAKE_PREFIX_PATH=/opt/ros/humble /usr/local/bin/cmake --build /home/xu/ACE/Script_db3_to_mp4-main/build/rosbag_player -- -j12 -l12
[6.055s] Invoking command in '/home/xu/ACE/Script_db3_to_mp4-main/build/rosbag_player': CMAKE_PREFIX_PATH=/opt/ros/humble /usr/local/bin/cmake --install /home/xu/ACE/Script_db3_to_mp4-main/build/rosbag_player
[6.057s] -- Install configuration: ""
[6.057s] -- Installing: /home/xu/ACE/Script_db3_to_mp4-main/install/rosbag_player/lib/rosbag_player/rosbag_player_node
[6.057s] -- Set non-toolchain portion of runtime path of "/home/xu/ACE/Script_db3_to_mp4-main/install/rosbag_player/lib/rosbag_player/rosbag_player_node" to ""
[6.057s] -- Installing: /home/xu/ACE/Script_db3_to_mp4-main/install/rosbag_player/share/rosbag_player/environment/library_path.sh
[6.057s] -- Installing: /home/xu/ACE/Script_db3_to_mp4-main/install/rosbag_player/share/rosbag_player/environment/library_path.dsv
[6.057s] -- Installing: /home/xu/ACE/Script_db3_to_mp4-main/install/rosbag_player/lib/librosbag_player.so
[6.059s] -- Set non-toolchain portion of runtime path of "/home/xu/ACE/Script_db3_to_mp4-main/install/rosbag_player/lib/librosbag_player.so" to ""
[6.059s] -- Installing: /home/xu/ACE/Script_db3_to_mp4-main/install/rosbag_player/share/ament_index/resource_index/package_run_dependencies/rosbag_player
[6.059s] -- Installing: /home/xu/ACE/Script_db3_to_mp4-main/install/rosbag_player/share/ament_index/resource_index/parent_prefix_path/rosbag_player
[6.059s] -- Installing: /home/xu/ACE/Script_db3_to_mp4-main/install/rosbag_player/share/rosbag_player/environment/ament_prefix_path.sh
[6.059s] -- Installing: /home/xu/ACE/Script_db3_to_mp4-main/install/rosbag_player/share/rosbag_player/environment/ament_prefix_path.dsv
[6.059s] -- Installing: /home/xu/ACE/Script_db3_to_mp4-main/install/rosbag_player/share/rosbag_player/environment/path.sh
[6.059s] -- Installing: /home/xu/ACE/Script_db3_to_mp4-main/install/rosbag_player/share/rosbag_player/environment/path.dsv
[6.059s] -- Installing: /home/xu/ACE/Script_db3_to_mp4-main/install/rosbag_player/share/rosbag_player/local_setup.bash
[6.059s] -- Installing: /home/xu/ACE/Script_db3_to_mp4-main/install/rosbag_player/share/rosbag_player/local_setup.sh
[6.059s] -- Installing: /home/xu/ACE/Script_db3_to_mp4-main/install/rosbag_player/share/rosbag_player/local_setup.zsh
[6.059s] -- Installing: /home/xu/ACE/Script_db3_to_mp4-main/install/rosbag_player/share/rosbag_player/local_setup.dsv
[6.059s] -- Installing: /home/xu/ACE/Script_db3_to_mp4-main/install/rosbag_player/share/rosbag_player/package.dsv
[6.059s] -- Installing: /home/xu/ACE/Script_db3_to_mp4-main/install/rosbag_player/share/ament_index/resource_index/packages/rosbag_player
[6.059s] -- Installing: /home/xu/ACE/Script_db3_to_mp4-main/install/rosbag_player/share/ament_index/resource_index/rclcpp_components/rosbag_player
[6.059s] -- Installing: /home/xu/ACE/Script_db3_to_mp4-main/install/rosbag_player/share/rosbag_player/cmake/ament_cmake_export_dependencies-extras.cmake
[6.059s] -- Installing: /home/xu/ACE/Script_db3_to_mp4-main/install/rosbag_player/share/rosbag_player/cmake/ament_cmake_export_libraries-extras.cmake
[6.059s] -- Installing: /home/xu/ACE/Script_db3_to_mp4-main/install/rosbag_player/share/rosbag_player/cmake/rosbag_playerConfig.cmake
[6.059s] -- Installing: /home/xu/ACE/Script_db3_to_mp4-main/install/rosbag_player/share/rosbag_player/cmake/rosbag_playerConfig-version.cmake
[6.059s] -- Installing: /home/xu/ACE/Script_db3_to_mp4-main/install/rosbag_player/share/rosbag_player/package.xml
[6.060s] Invoked command in '/home/xu/ACE/Script_db3_to_mp4-main/build/rosbag_player' returned '0': CMAKE_PREFIX_PATH=/opt/ros/humble /usr/local/bin/cmake --install /home/xu/ACE/Script_db3_to_mp4-main/build/rosbag_player
