[33mCMake Warning (dev) at /opt/ros/humble/share/rosbag2_storage/cmake/export_rosbag2_storageExport.cmake:56 (set_target_properties):
  The library that is being linked to, yaml-cpp, is marked as being
  deprecated by the owner.  The message provided by the developer is:

  The target yaml-cpp is deprecated and will be removed in version 0.10.0.
  Use the yaml-cpp::yaml-cpp target instead.

Call Stack (most recent call first):
  /opt/ros/humble/share/rosbag2_storage/cmake/ament_cmake_export_targets-extras.cmake:9 (include)
  /opt/ros/humble/share/rosbag2_storage/cmake/rosbag2_storageConfig.cmake:41 (include)
  /opt/ros/humble/share/rosbag2_cpp/cmake/ament_cmake_export_dependencies-extras.cmake:21 (find_package)
  /opt/ros/humble/share/rosbag2_cpp/cmake/rosbag2_cppConfig.cmake:41 (include)
  /opt/ros/humble/share/ament_cmake_auto/cmake/ament_auto_find_build_dependencies.cmake:67 (find_package)
  CMakeLists.txt:25 (ament_auto_find_build_dependencies)
This warning is for project developers.  Use -Wno-dev to suppress it.
[0m
[33mCMake Warning (dev) at /opt/ros/humble/share/rosbag2_storage/cmake/export_rosbag2_storageExport.cmake:56 (set_target_properties):
  The library that is being linked to, yaml-cpp, is marked as being
  deprecated by the owner.  The message provided by the developer is:

  The target yaml-cpp is deprecated and will be removed in version 0.10.0.
  Use the yaml-cpp::yaml-cpp target instead.

Call Stack (most recent call first):
  /opt/ros/humble/share/rosbag2_storage/cmake/ament_cmake_export_targets-extras.cmake:9 (include)
  /opt/ros/humble/share/rosbag2_storage/cmake/rosbag2_storageConfig.cmake:41 (include)
  /opt/ros/humble/share/rosbag2_cpp/cmake/ament_cmake_export_dependencies-extras.cmake:21 (find_package)
  /opt/ros/humble/share/rosbag2_cpp/cmake/rosbag2_cppConfig.cmake:41 (include)
  /opt/ros/humble/share/ament_cmake_auto/cmake/ament_auto_find_build_dependencies.cmake:67 (find_package)
  CMakeLists.txt:25 (ament_auto_find_build_dependencies)
This warning is for project developers.  Use -Wno-dev to suppress it.
[0m
