[0.009s] Invoking command in '/home/xu/ACE/Script_db3_to_mp4-main/build/rosbag_player': CMAKE_PREFIX_PATH=/opt/ros/humble /usr/local/bin/cmake /home/xu/ACE/Script_db3_to_mp4-main/src/utils/rosbag_player -DCMAKE_INSTALL_PREFIX=/home/xu/ACE/Script_db3_to_mp4-main/install/rosbag_player
[0.017s] -- Found ament_cmake_auto: 1.3.11 (/opt/ros/humble/share/ament_cmake_auto/cmake)
[0.202s] -- Using all available rosidl_typesupport_c: rosidl_typesupport_fastrtps_c;rosidl_typesupport_introspection_c
[0.204s] -- Found rosidl_adapter: 3.1.5 (/opt/ros/humble/share/rosidl_adapter/cmake)
[0.226s] -- Using all available rosidl_typesupport_cpp: rosidl_typesupport_fastrtps_cpp;rosidl_typesupport_introspection_cpp
[0.272s] -- Found rmw_implementation_cmake: 6.1.2 (/opt/ros/humble/share/rmw_implementation_cmake/cmake)
[0.273s] -- Found rmw_fastrtps_cpp: 6.2.7 (/opt/ros/humble/share/rmw_fastrtps_cpp/cmake)
[0.344s] -- Using RMW implementation 'rmw_fastrtps_cpp' as default
[0.538s] -- Configuring done (0.5s)
[0.541s] [33mCMake Warning (dev) at /opt/ros/humble/share/rosbag2_storage/cmake/export_rosbag2_storageExport.cmake:56 (set_target_properties):
[0.541s]   The library that is being linked to, yaml-cpp, is marked as being
[0.541s]   deprecated by the owner.  The message provided by the developer is:
[0.541s] 
[0.541s]   The target yaml-cpp is deprecated and will be removed in version 0.10.0.
[0.541s]   Use the yaml-cpp::yaml-cpp target instead.
[0.541s] 
[0.541s] Call Stack (most recent call first):
[0.541s]   /opt/ros/humble/share/rosbag2_storage/cmake/ament_cmake_export_targets-extras.cmake:9 (include)
[0.541s]   /opt/ros/humble/share/rosbag2_storage/cmake/rosbag2_storageConfig.cmake:41 (include)
[0.541s]   /opt/ros/humble/share/rosbag2_cpp/cmake/ament_cmake_export_dependencies-extras.cmake:21 (find_package)
[0.541s]   /opt/ros/humble/share/rosbag2_cpp/cmake/rosbag2_cppConfig.cmake:41 (include)
[0.541s]   /opt/ros/humble/share/ament_cmake_auto/cmake/ament_auto_find_build_dependencies.cmake:67 (find_package)
[0.541s]   CMakeLists.txt:25 (ament_auto_find_build_dependencies)
[0.541s] This warning is for project developers.  Use -Wno-dev to suppress it.
[0.541s] [0m
[0.543s] [33mCMake Warning (dev) at /opt/ros/humble/share/rosbag2_storage/cmake/export_rosbag2_storageExport.cmake:56 (set_target_properties):
[0.543s]   The library that is being linked to, yaml-cpp, is marked as being
[0.543s]   deprecated by the owner.  The message provided by the developer is:
[0.543s] 
[0.543s]   The target yaml-cpp is deprecated and will be removed in version 0.10.0.
[0.543s]   Use the yaml-cpp::yaml-cpp target instead.
[0.543s] 
[0.543s] Call Stack (most recent call first):
[0.543s]   /opt/ros/humble/share/rosbag2_storage/cmake/ament_cmake_export_targets-extras.cmake:9 (include)
[0.543s]   /opt/ros/humble/share/rosbag2_storage/cmake/rosbag2_storageConfig.cmake:41 (include)
[0.543s]   /opt/ros/humble/share/rosbag2_cpp/cmake/ament_cmake_export_dependencies-extras.cmake:21 (find_package)
[0.543s]   /opt/ros/humble/share/rosbag2_cpp/cmake/rosbag2_cppConfig.cmake:41 (include)
[0.543s]   /opt/ros/humble/share/ament_cmake_auto/cmake/ament_auto_find_build_dependencies.cmake:67 (find_package)
[0.543s]   CMakeLists.txt:25 (ament_auto_find_build_dependencies)
[0.543s] This warning is for project developers.  Use -Wno-dev to suppress it.
[0.543s] [0m
[0.558s] -- Generating done (0.0s)
[0.558s] -- Build files have been written to: /home/xu/ACE/Script_db3_to_mp4-main/build/rosbag_player
[0.565s] Invoked command in '/home/xu/ACE/Script_db3_to_mp4-main/build/rosbag_player' returned '0': CMAKE_PREFIX_PATH=/opt/ros/humble /usr/local/bin/cmake /home/xu/ACE/Script_db3_to_mp4-main/src/utils/rosbag_player -DCMAKE_INSTALL_PREFIX=/home/xu/ACE/Script_db3_to_mp4-main/install/rosbag_player
[0.566s] Invoking command in '/home/xu/ACE/Script_db3_to_mp4-main/build/rosbag_player': CMAKE_PREFIX_PATH=/opt/ros/humble /usr/local/bin/cmake --build /home/xu/ACE/Script_db3_to_mp4-main/build/rosbag_player -- -j12 -l12
[0.591s] [ 25%] [32mBuilding CXX object CMakeFiles/rosbag_player_node.dir/rclcpp_components/node_main_rosbag_player_node.cpp.o[0m
[0.597s] [ 50%] [32mBuilding CXX object CMakeFiles/rosbag_player.dir/rosbag_player.cpp.o[0m
[2.673s] [ 75%] [32m[1mLinking CXX executable rosbag_player_node[0m
[2.743s] [ 75%] Built target rosbag_player_node
[5.322s] [100%] [32m[1mLinking CXX shared library librosbag_player.so[0m
[5.508s] [100%] Built target rosbag_player
[5.512s] Invoked command in '/home/xu/ACE/Script_db3_to_mp4-main/build/rosbag_player' returned '0': CMAKE_PREFIX_PATH=/opt/ros/humble /usr/local/bin/cmake --build /home/xu/ACE/Script_db3_to_mp4-main/build/rosbag_player -- -j12 -l12
[5.531s] Invoking command in '/home/xu/ACE/Script_db3_to_mp4-main/build/rosbag_player': CMAKE_PREFIX_PATH=/opt/ros/humble /usr/local/bin/cmake --install /home/xu/ACE/Script_db3_to_mp4-main/build/rosbag_player
[5.534s] -- Install configuration: ""
[5.535s] -- Installing: /home/xu/ACE/Script_db3_to_mp4-main/install/rosbag_player/lib/rosbag_player/rosbag_player_node
[5.535s] -- Set non-toolchain portion of runtime path of "/home/xu/ACE/Script_db3_to_mp4-main/install/rosbag_player/lib/rosbag_player/rosbag_player_node" to ""
[5.535s] -- Up-to-date: /home/xu/ACE/Script_db3_to_mp4-main/install/rosbag_player/share/rosbag_player/environment/library_path.sh
[5.535s] -- Installing: /home/xu/ACE/Script_db3_to_mp4-main/install/rosbag_player/share/rosbag_player/environment/library_path.dsv
[5.536s] -- Installing: /home/xu/ACE/Script_db3_to_mp4-main/install/rosbag_player/lib/librosbag_player.so
[5.537s] -- Set non-toolchain portion of runtime path of "/home/xu/ACE/Script_db3_to_mp4-main/install/rosbag_player/lib/librosbag_player.so" to ""
[5.537s] -- Up-to-date: /home/xu/ACE/Script_db3_to_mp4-main/install/rosbag_player/share/ament_index/resource_index/package_run_dependencies/rosbag_player
[5.537s] -- Up-to-date: /home/xu/ACE/Script_db3_to_mp4-main/install/rosbag_player/share/ament_index/resource_index/parent_prefix_path/rosbag_player
[5.537s] -- Up-to-date: /home/xu/ACE/Script_db3_to_mp4-main/install/rosbag_player/share/rosbag_player/environment/ament_prefix_path.sh
[5.537s] -- Installing: /home/xu/ACE/Script_db3_to_mp4-main/install/rosbag_player/share/rosbag_player/environment/ament_prefix_path.dsv
[5.538s] -- Up-to-date: /home/xu/ACE/Script_db3_to_mp4-main/install/rosbag_player/share/rosbag_player/environment/path.sh
[5.538s] -- Installing: /home/xu/ACE/Script_db3_to_mp4-main/install/rosbag_player/share/rosbag_player/environment/path.dsv
[5.538s] -- Up-to-date: /home/xu/ACE/Script_db3_to_mp4-main/install/rosbag_player/share/rosbag_player/local_setup.bash
[5.538s] -- Up-to-date: /home/xu/ACE/Script_db3_to_mp4-main/install/rosbag_player/share/rosbag_player/local_setup.sh
[5.538s] -- Up-to-date: /home/xu/ACE/Script_db3_to_mp4-main/install/rosbag_player/share/rosbag_player/local_setup.zsh
[5.538s] -- Installing: /home/xu/ACE/Script_db3_to_mp4-main/install/rosbag_player/share/rosbag_player/local_setup.dsv
[5.538s] -- Installing: /home/xu/ACE/Script_db3_to_mp4-main/install/rosbag_player/share/rosbag_player/package.dsv
[5.538s] -- Up-to-date: /home/xu/ACE/Script_db3_to_mp4-main/install/rosbag_player/share/ament_index/resource_index/packages/rosbag_player
[5.538s] -- Up-to-date: /home/xu/ACE/Script_db3_to_mp4-main/install/rosbag_player/share/ament_index/resource_index/rclcpp_components/rosbag_player
[5.538s] -- Up-to-date: /home/xu/ACE/Script_db3_to_mp4-main/install/rosbag_player/share/rosbag_player/cmake/ament_cmake_export_dependencies-extras.cmake
[5.538s] -- Up-to-date: /home/xu/ACE/Script_db3_to_mp4-main/install/rosbag_player/share/rosbag_player/cmake/ament_cmake_export_libraries-extras.cmake
[5.538s] -- Up-to-date: /home/xu/ACE/Script_db3_to_mp4-main/install/rosbag_player/share/rosbag_player/cmake/rosbag_playerConfig.cmake
[5.538s] -- Up-to-date: /home/xu/ACE/Script_db3_to_mp4-main/install/rosbag_player/share/rosbag_player/cmake/rosbag_playerConfig-version.cmake
[5.539s] -- Up-to-date: /home/xu/ACE/Script_db3_to_mp4-main/install/rosbag_player/share/rosbag_player/package.xml
[5.540s] Invoked command in '/home/xu/ACE/Script_db3_to_mp4-main/build/rosbag_player' returned '0': CMAKE_PREFIX_PATH=/opt/ros/humble /usr/local/bin/cmake --install /home/xu/ACE/Script_db3_to_mp4-main/build/rosbag_player
