[0.059s] DEBUG:colcon:Command line arguments: ['/usr/bin/colcon', 'build', '--cmake-args', '-DCMAKE_EXPORT_COMPILE_COMMANDS=ON']
[0.059s] DEBUG:colcon:Parsed command line arguments: Namespace(log_base=None, log_level=None, verb_name='build', build_base='build', install_base='install', merge_install=False, symlink_install=False, test_result_base=None, continue_on_error=False, executor='parallel', parallel_workers=12, event_handlers=None, ignore_user_meta=False, metas=['./colcon.meta'], base_paths=['.'], packages_ignore=None, packages_ignore_regex=None, paths=None, packages_up_to=None, packages_up_to_regex=None, packages_above=None, packages_above_and_dependencies=None, packages_above_depth=None, packages_select_by_dep=None, packages_skip_by_dep=None, packages_skip_up_to=None, packages_select_build_failed=False, packages_skip_build_finished=False, packages_select_test_failures=False, packages_skip_test_passed=False, packages_select=None, packages_skip=None, packages_select_regex=None, packages_skip_regex=None, packages_start=None, packages_end=None, allow_overriding=[], cmake_args=['-DCMAKE_EXPORT_COMPILE_COMMANDS=ON'], cmake_target=None, cmake_target_skip_unavailable=False, cmake_clean_cache=False, cmake_clean_first=False, cmake_force_configure=False, ament_cmake_args=None, catkin_cmake_args=None, catkin_skip_building_tests=False, verb_parser=<colcon_defaults.argument_parser.defaults.DefaultArgumentsDecorator object at 0x7488a266c550>, verb_extension=<colcon_core.verb.build.BuildVerb object at 0x7488a266c0a0>, main=<bound method BuildVerb.main of <colcon_core.verb.build.BuildVerb object at 0x7488a266c0a0>>)
[0.147s] Level 1:colcon.colcon_core.package_discovery:discover_packages(colcon_meta) check parameters
[0.147s] Level 1:colcon.colcon_core.package_discovery:discover_packages(recursive) check parameters
[0.147s] Level 1:colcon.colcon_core.package_discovery:discover_packages(ignore) check parameters
[0.147s] Level 1:colcon.colcon_core.package_discovery:discover_packages(path) check parameters
[0.147s] Level 1:colcon.colcon_core.package_discovery:discover_packages(colcon_meta) discover
[0.147s] Level 1:colcon.colcon_core.package_discovery:discover_packages(recursive) discover
[0.147s] INFO:colcon.colcon_core.package_discovery:Crawling recursively for packages in '/home/xu/ACE/Script_db3_to_mp4-main'
[0.147s] Level 1:colcon.colcon_core.package_identification:_identify(.) by extensions ['ignore', 'ignore_ament_install']
[0.147s] Level 1:colcon.colcon_core.package_identification:_identify(.) by extension 'ignore'
[0.147s] Level 1:colcon.colcon_core.package_identification:_identify(.) by extension 'ignore_ament_install'
[0.147s] Level 1:colcon.colcon_core.package_identification:_identify(.) by extensions ['colcon_pkg']
[0.147s] Level 1:colcon.colcon_core.package_identification:_identify(.) by extension 'colcon_pkg'
[0.147s] Level 1:colcon.colcon_core.package_identification:_identify(.) by extensions ['colcon_meta']
[0.147s] Level 1:colcon.colcon_core.package_identification:_identify(.) by extension 'colcon_meta'
[0.147s] Level 1:colcon.colcon_core.package_identification:_identify(.) by extensions ['ros']
[0.147s] Level 1:colcon.colcon_core.package_identification:_identify(.) by extension 'ros'
[0.154s] Level 1:colcon.colcon_core.package_identification:_identify(.) by extensions ['cmake', 'python']
[0.154s] Level 1:colcon.colcon_core.package_identification:_identify(.) by extension 'cmake'
[0.154s] Level 1:colcon.colcon_core.package_identification:_identify(.) by extension 'python'
[0.154s] Level 1:colcon.colcon_core.package_identification:_identify(.) by extensions ['python_setup_py']
[0.154s] Level 1:colcon.colcon_core.package_identification:_identify(.) by extension 'python_setup_py'
[0.155s] Level 1:colcon.colcon_core.package_identification:_identify(build) by extensions ['ignore', 'ignore_ament_install']
[0.155s] Level 1:colcon.colcon_core.package_identification:_identify(build) by extension 'ignore'
[0.155s] Level 1:colcon.colcon_core.package_identification:_identify(build) ignored
[0.155s] Level 1:colcon.colcon_core.package_identification:_identify(install) by extensions ['ignore', 'ignore_ament_install']
[0.155s] Level 1:colcon.colcon_core.package_identification:_identify(install) by extension 'ignore'
[0.155s] Level 1:colcon.colcon_core.package_identification:_identify(install) ignored
[0.155s] Level 1:colcon.colcon_core.package_identification:_identify(log) by extensions ['ignore', 'ignore_ament_install']
[0.155s] Level 1:colcon.colcon_core.package_identification:_identify(log) by extension 'ignore'
[0.155s] Level 1:colcon.colcon_core.package_identification:_identify(log) ignored
[0.155s] Level 1:colcon.colcon_core.package_identification:_identify(src) by extensions ['ignore', 'ignore_ament_install']
[0.155s] Level 1:colcon.colcon_core.package_identification:_identify(src) by extension 'ignore'
[0.155s] Level 1:colcon.colcon_core.package_identification:_identify(src) by extension 'ignore_ament_install'
[0.155s] Level 1:colcon.colcon_core.package_identification:_identify(src) by extensions ['colcon_pkg']
[0.155s] Level 1:colcon.colcon_core.package_identification:_identify(src) by extension 'colcon_pkg'
[0.155s] Level 1:colcon.colcon_core.package_identification:_identify(src) by extensions ['colcon_meta']
[0.155s] Level 1:colcon.colcon_core.package_identification:_identify(src) by extension 'colcon_meta'
[0.155s] Level 1:colcon.colcon_core.package_identification:_identify(src) by extensions ['ros']
[0.155s] Level 1:colcon.colcon_core.package_identification:_identify(src) by extension 'ros'
[0.155s] Level 1:colcon.colcon_core.package_identification:_identify(src) by extensions ['cmake', 'python']
[0.155s] Level 1:colcon.colcon_core.package_identification:_identify(src) by extension 'cmake'
[0.155s] Level 1:colcon.colcon_core.package_identification:_identify(src) by extension 'python'
[0.155s] Level 1:colcon.colcon_core.package_identification:_identify(src) by extensions ['python_setup_py']
[0.155s] Level 1:colcon.colcon_core.package_identification:_identify(src) by extension 'python_setup_py'
[0.155s] Level 1:colcon.colcon_core.package_identification:_identify(src/rosbag_vision) by extensions ['ignore', 'ignore_ament_install']
[0.155s] Level 1:colcon.colcon_core.package_identification:_identify(src/rosbag_vision) by extension 'ignore'
[0.155s] Level 1:colcon.colcon_core.package_identification:_identify(src/rosbag_vision) by extension 'ignore_ament_install'
[0.155s] Level 1:colcon.colcon_core.package_identification:_identify(src/rosbag_vision) by extensions ['colcon_pkg']
[0.155s] Level 1:colcon.colcon_core.package_identification:_identify(src/rosbag_vision) by extension 'colcon_pkg'
[0.155s] Level 1:colcon.colcon_core.package_identification:_identify(src/rosbag_vision) by extensions ['colcon_meta']
[0.155s] Level 1:colcon.colcon_core.package_identification:_identify(src/rosbag_vision) by extension 'colcon_meta'
[0.155s] Level 1:colcon.colcon_core.package_identification:_identify(src/rosbag_vision) by extensions ['ros']
[0.155s] Level 1:colcon.colcon_core.package_identification:_identify(src/rosbag_vision) by extension 'ros'
[0.157s] DEBUG:colcon.colcon_core.package_identification:Package 'src/rosbag_vision' with type 'ros.ament_cmake' and name 'rosbag_vision'
[0.157s] Level 1:colcon.colcon_core.package_identification:_identify(src/utils) by extensions ['ignore', 'ignore_ament_install']
[0.157s] Level 1:colcon.colcon_core.package_identification:_identify(src/utils) by extension 'ignore'
[0.158s] Level 1:colcon.colcon_core.package_identification:_identify(src/utils) by extension 'ignore_ament_install'
[0.158s] Level 1:colcon.colcon_core.package_identification:_identify(src/utils) by extensions ['colcon_pkg']
[0.158s] Level 1:colcon.colcon_core.package_identification:_identify(src/utils) by extension 'colcon_pkg'
[0.158s] Level 1:colcon.colcon_core.package_identification:_identify(src/utils) by extensions ['colcon_meta']
[0.158s] Level 1:colcon.colcon_core.package_identification:_identify(src/utils) by extension 'colcon_meta'
[0.158s] Level 1:colcon.colcon_core.package_identification:_identify(src/utils) by extensions ['ros']
[0.158s] Level 1:colcon.colcon_core.package_identification:_identify(src/utils) by extension 'ros'
[0.158s] Level 1:colcon.colcon_core.package_identification:_identify(src/utils) by extensions ['cmake', 'python']
[0.158s] Level 1:colcon.colcon_core.package_identification:_identify(src/utils) by extension 'cmake'
[0.158s] Level 1:colcon.colcon_core.package_identification:_identify(src/utils) by extension 'python'
[0.158s] Level 1:colcon.colcon_core.package_identification:_identify(src/utils) by extensions ['python_setup_py']
[0.158s] Level 1:colcon.colcon_core.package_identification:_identify(src/utils) by extension 'python_setup_py'
[0.158s] Level 1:colcon.colcon_core.package_identification:_identify(src/utils/rosbag_player) by extensions ['ignore', 'ignore_ament_install']
[0.158s] Level 1:colcon.colcon_core.package_identification:_identify(src/utils/rosbag_player) by extension 'ignore'
[0.158s] Level 1:colcon.colcon_core.package_identification:_identify(src/utils/rosbag_player) by extension 'ignore_ament_install'
[0.158s] Level 1:colcon.colcon_core.package_identification:_identify(src/utils/rosbag_player) by extensions ['colcon_pkg']
[0.158s] Level 1:colcon.colcon_core.package_identification:_identify(src/utils/rosbag_player) by extension 'colcon_pkg'
[0.158s] Level 1:colcon.colcon_core.package_identification:_identify(src/utils/rosbag_player) by extensions ['colcon_meta']
[0.158s] Level 1:colcon.colcon_core.package_identification:_identify(src/utils/rosbag_player) by extension 'colcon_meta'
[0.158s] Level 1:colcon.colcon_core.package_identification:_identify(src/utils/rosbag_player) by extensions ['ros']
[0.158s] Level 1:colcon.colcon_core.package_identification:_identify(src/utils/rosbag_player) by extension 'ros'
[0.159s] DEBUG:colcon.colcon_core.package_identification:Package 'src/utils/rosbag_player' with type 'ros.ament_cmake' and name 'rosbag_player'
[0.159s] Level 1:colcon.colcon_core.package_discovery:discover_packages(recursive) using defaults
[0.159s] Level 1:colcon.colcon_core.package_discovery:discover_packages(ignore) discover
[0.159s] Level 1:colcon.colcon_core.package_discovery:discover_packages(ignore) using defaults
[0.159s] Level 1:colcon.colcon_core.package_discovery:discover_packages(path) discover
[0.159s] Level 1:colcon.colcon_core.package_discovery:discover_packages(path) using defaults
[0.171s] Level 1:colcon.colcon_core.package_discovery:discover_packages(prefix_path) check parameters
[0.171s] Level 1:colcon.colcon_core.package_discovery:discover_packages(prefix_path) discover
[0.172s] DEBUG:colcon.colcon_installed_package_information.package_discovery:Found 292 installed packages in /opt/ros/humble
[0.179s] Level 1:colcon.colcon_core.package_discovery:discover_packages(prefix_path) using defaults
[0.199s] Level 5:colcon.colcon_core.verb:set package 'rosbag_player' build argument 'cmake_args' from command line to '['-DCMAKE_EXPORT_COMPILE_COMMANDS=ON']'
[0.199s] Level 5:colcon.colcon_core.verb:set package 'rosbag_player' build argument 'cmake_target' from command line to 'None'
[0.199s] Level 5:colcon.colcon_core.verb:set package 'rosbag_player' build argument 'cmake_target_skip_unavailable' from command line to 'False'
[0.199s] Level 5:colcon.colcon_core.verb:set package 'rosbag_player' build argument 'cmake_clean_cache' from command line to 'False'
[0.199s] Level 5:colcon.colcon_core.verb:set package 'rosbag_player' build argument 'cmake_clean_first' from command line to 'False'
[0.199s] Level 5:colcon.colcon_core.verb:set package 'rosbag_player' build argument 'cmake_force_configure' from command line to 'False'
[0.199s] Level 5:colcon.colcon_core.verb:set package 'rosbag_player' build argument 'ament_cmake_args' from command line to 'None'
[0.199s] Level 5:colcon.colcon_core.verb:set package 'rosbag_player' build argument 'catkin_cmake_args' from command line to 'None'
[0.199s] Level 5:colcon.colcon_core.verb:set package 'rosbag_player' build argument 'catkin_skip_building_tests' from command line to 'False'
[0.199s] DEBUG:colcon.colcon_core.verb:Building package 'rosbag_player' with the following arguments: {'ament_cmake_args': None, 'build_base': '/home/xu/ACE/Script_db3_to_mp4-main/build/rosbag_player', 'catkin_cmake_args': None, 'catkin_skip_building_tests': False, 'cmake_args': ['-DCMAKE_EXPORT_COMPILE_COMMANDS=ON'], 'cmake_clean_cache': False, 'cmake_clean_first': False, 'cmake_force_configure': False, 'cmake_target': None, 'cmake_target_skip_unavailable': False, 'install_base': '/home/xu/ACE/Script_db3_to_mp4-main/install/rosbag_player', 'merge_install': False, 'path': '/home/xu/ACE/Script_db3_to_mp4-main/src/utils/rosbag_player', 'symlink_install': False, 'test_result_base': None}
[0.199s] Level 5:colcon.colcon_core.verb:set package 'rosbag_vision' build argument 'cmake_args' from command line to '['-DCMAKE_EXPORT_COMPILE_COMMANDS=ON']'
[0.199s] Level 5:colcon.colcon_core.verb:set package 'rosbag_vision' build argument 'cmake_target' from command line to 'None'
[0.199s] Level 5:colcon.colcon_core.verb:set package 'rosbag_vision' build argument 'cmake_target_skip_unavailable' from command line to 'False'
[0.199s] Level 5:colcon.colcon_core.verb:set package 'rosbag_vision' build argument 'cmake_clean_cache' from command line to 'False'
[0.199s] Level 5:colcon.colcon_core.verb:set package 'rosbag_vision' build argument 'cmake_clean_first' from command line to 'False'
[0.199s] Level 5:colcon.colcon_core.verb:set package 'rosbag_vision' build argument 'cmake_force_configure' from command line to 'False'
[0.199s] Level 5:colcon.colcon_core.verb:set package 'rosbag_vision' build argument 'ament_cmake_args' from command line to 'None'
[0.199s] Level 5:colcon.colcon_core.verb:set package 'rosbag_vision' build argument 'catkin_cmake_args' from command line to 'None'
[0.199s] Level 5:colcon.colcon_core.verb:set package 'rosbag_vision' build argument 'catkin_skip_building_tests' from command line to 'False'
[0.199s] DEBUG:colcon.colcon_core.verb:Building package 'rosbag_vision' with the following arguments: {'ament_cmake_args': None, 'build_base': '/home/xu/ACE/Script_db3_to_mp4-main/build/rosbag_vision', 'catkin_cmake_args': None, 'catkin_skip_building_tests': False, 'cmake_args': ['-DCMAKE_EXPORT_COMPILE_COMMANDS=ON'], 'cmake_clean_cache': False, 'cmake_clean_first': False, 'cmake_force_configure': False, 'cmake_target': None, 'cmake_target_skip_unavailable': False, 'install_base': '/home/xu/ACE/Script_db3_to_mp4-main/install/rosbag_vision', 'merge_install': False, 'path': '/home/xu/ACE/Script_db3_to_mp4-main/src/rosbag_vision', 'symlink_install': False, 'test_result_base': None}
[0.200s] INFO:colcon.colcon_core.executor:Executing jobs using 'parallel' executor
[0.200s] DEBUG:colcon.colcon_parallel_executor.executor.parallel:run_until_complete
[0.200s] INFO:colcon.colcon_ros.task.ament_cmake.build:Building ROS package in '/home/xu/ACE/Script_db3_to_mp4-main/src/utils/rosbag_player' with build type 'ament_cmake'
[0.200s] INFO:colcon.colcon_cmake.task.cmake.build:Building CMake package in '/home/xu/ACE/Script_db3_to_mp4-main/src/utils/rosbag_player'
[0.202s] INFO:colcon.colcon_core.plugin_system:Skipping extension 'colcon_core.shell.bat': Not used on non-Windows systems
[0.202s] INFO:colcon.colcon_core.shell:Skip shell extension 'powershell' for command environment: Not usable outside of PowerShell
[0.202s] DEBUG:colcon.colcon_core.shell:Skip shell extension 'dsv' for command environment
[0.203s] INFO:colcon.colcon_ros.task.ament_cmake.build:Building ROS package in '/home/xu/ACE/Script_db3_to_mp4-main/src/rosbag_vision' with build type 'ament_cmake'
[0.203s] INFO:colcon.colcon_cmake.task.cmake.build:Building CMake package in '/home/xu/ACE/Script_db3_to_mp4-main/src/rosbag_vision'
[0.203s] INFO:colcon.colcon_core.shell:Skip shell extension 'powershell' for command environment: Not usable outside of PowerShell
[0.203s] DEBUG:colcon.colcon_core.shell:Skip shell extension 'dsv' for command environment
[0.209s] DEBUG:colcon.colcon_core.event_handler.log_command:Invoking command in '/home/xu/ACE/Script_db3_to_mp4-main/build/rosbag_player': CMAKE_PREFIX_PATH=/opt/ros/humble /usr/local/bin/cmake /home/xu/ACE/Script_db3_to_mp4-main/src/utils/rosbag_player -DCMAKE_EXPORT_COMPILE_COMMANDS=ON -DCMAKE_INSTALL_PREFIX=/home/xu/ACE/Script_db3_to_mp4-main/install/rosbag_player
[0.210s] DEBUG:colcon.colcon_core.event_handler.log_command:Invoking command in '/home/xu/ACE/Script_db3_to_mp4-main/build/rosbag_vision': CMAKE_PREFIX_PATH=/opt/ros/humble /usr/local/bin/cmake /home/xu/ACE/Script_db3_to_mp4-main/src/rosbag_vision -DCMAKE_EXPORT_COMPILE_COMMANDS=ON -DCMAKE_INSTALL_PREFIX=/home/xu/ACE/Script_db3_to_mp4-main/install/rosbag_vision
[1.130s] DEBUG:colcon.colcon_core.event_handler.log_command:Invoked command in '/home/xu/ACE/Script_db3_to_mp4-main/build/rosbag_player' returned '0': CMAKE_PREFIX_PATH=/opt/ros/humble /usr/local/bin/cmake /home/xu/ACE/Script_db3_to_mp4-main/src/utils/rosbag_player -DCMAKE_EXPORT_COMPILE_COMMANDS=ON -DCMAKE_INSTALL_PREFIX=/home/xu/ACE/Script_db3_to_mp4-main/install/rosbag_player
[1.132s] DEBUG:colcon.colcon_core.event_handler.log_command:Invoking command in '/home/xu/ACE/Script_db3_to_mp4-main/build/rosbag_player': CMAKE_PREFIX_PATH=/opt/ros/humble /usr/local/bin/cmake --build /home/xu/ACE/Script_db3_to_mp4-main/build/rosbag_player -- -j12 -l12
[1.177s] DEBUG:colcon.colcon_core.event_handler.log_command:Invoked command in '/home/xu/ACE/Script_db3_to_mp4-main/build/rosbag_vision' returned '0': CMAKE_PREFIX_PATH=/opt/ros/humble /usr/local/bin/cmake /home/xu/ACE/Script_db3_to_mp4-main/src/rosbag_vision -DCMAKE_EXPORT_COMPILE_COMMANDS=ON -DCMAKE_INSTALL_PREFIX=/home/xu/ACE/Script_db3_to_mp4-main/install/rosbag_vision
[1.179s] DEBUG:colcon.colcon_core.event_handler.log_command:Invoking command in '/home/xu/ACE/Script_db3_to_mp4-main/build/rosbag_vision': CMAKE_PREFIX_PATH=/opt/ros/humble /usr/local/bin/cmake --build /home/xu/ACE/Script_db3_to_mp4-main/build/rosbag_vision -- -j12 -l12
[1.200s] DEBUG:colcon.colcon_core.event_handler.log_command:Invoked command in '/home/xu/ACE/Script_db3_to_mp4-main/build/rosbag_vision' returned '0': CMAKE_PREFIX_PATH=/opt/ros/humble /usr/local/bin/cmake --build /home/xu/ACE/Script_db3_to_mp4-main/build/rosbag_vision -- -j12 -l12
[1.224s] DEBUG:colcon.colcon_core.event_handler.log_command:Invoking command in '/home/xu/ACE/Script_db3_to_mp4-main/build/rosbag_vision': CMAKE_PREFIX_PATH=/opt/ros/humble /usr/local/bin/cmake --install /home/xu/ACE/Script_db3_to_mp4-main/build/rosbag_vision
[1.231s] Level 1:colcon.colcon_core.environment:create_environment_scripts_only(rosbag_vision)
[1.232s] DEBUG:colcon.colcon_core.event_handler.log_command:Invoked command in '/home/xu/ACE/Script_db3_to_mp4-main/build/rosbag_vision' returned '0': CMAKE_PREFIX_PATH=/opt/ros/humble /usr/local/bin/cmake --install /home/xu/ACE/Script_db3_to_mp4-main/build/rosbag_vision
[1.233s] Level 1:colcon.colcon_core.environment:checking '/home/xu/ACE/Script_db3_to_mp4-main/install/rosbag_vision' for CMake module files
[1.234s] Level 1:colcon.colcon_core.environment:checking '/home/xu/ACE/Script_db3_to_mp4-main/install/rosbag_vision' for CMake config files
[1.234s] Level 1:colcon.colcon_core.shell:create_environment_hook('rosbag_vision', 'cmake_prefix_path')
[1.234s] INFO:colcon.colcon_core.shell:Creating environment hook '/home/xu/ACE/Script_db3_to_mp4-main/install/rosbag_vision/share/rosbag_vision/hook/cmake_prefix_path.ps1'
[1.234s] INFO:colcon.colcon_core.shell:Creating environment descriptor '/home/xu/ACE/Script_db3_to_mp4-main/install/rosbag_vision/share/rosbag_vision/hook/cmake_prefix_path.dsv'
[1.235s] INFO:colcon.colcon_core.shell:Creating environment hook '/home/xu/ACE/Script_db3_to_mp4-main/install/rosbag_vision/share/rosbag_vision/hook/cmake_prefix_path.sh'
[1.235s] Level 1:colcon.colcon_core.environment:checking '/home/xu/ACE/Script_db3_to_mp4-main/install/rosbag_vision/bin'
[1.235s] Level 1:colcon.colcon_core.environment:checking '/home/xu/ACE/Script_db3_to_mp4-main/install/rosbag_vision/lib/pkgconfig/rosbag_vision.pc'
[1.235s] Level 1:colcon.colcon_core.environment:checking '/home/xu/ACE/Script_db3_to_mp4-main/install/rosbag_vision/lib/python3.10/site-packages'
[1.236s] Level 1:colcon.colcon_core.environment:checking '/home/xu/ACE/Script_db3_to_mp4-main/install/rosbag_vision/bin'
[1.236s] INFO:colcon.colcon_core.shell:Creating package script '/home/xu/ACE/Script_db3_to_mp4-main/install/rosbag_vision/share/rosbag_vision/package.ps1'
[1.236s] INFO:colcon.colcon_core.shell:Creating package descriptor '/home/xu/ACE/Script_db3_to_mp4-main/install/rosbag_vision/share/rosbag_vision/package.dsv'
[1.237s] INFO:colcon.colcon_core.shell:Creating package script '/home/xu/ACE/Script_db3_to_mp4-main/install/rosbag_vision/share/rosbag_vision/package.sh'
[1.237s] INFO:colcon.colcon_core.shell:Creating package script '/home/xu/ACE/Script_db3_to_mp4-main/install/rosbag_vision/share/rosbag_vision/package.bash'
[1.237s] INFO:colcon.colcon_core.shell:Creating package script '/home/xu/ACE/Script_db3_to_mp4-main/install/rosbag_vision/share/rosbag_vision/package.zsh'
[1.238s] Level 1:colcon.colcon_core.environment:create_file_with_runtime_dependencies(/home/xu/ACE/Script_db3_to_mp4-main/install/rosbag_vision/share/colcon-core/packages/rosbag_vision)
[1.252s] Level 1:colcon.colcon_core.environment:create_environment_scripts_only(rosbag_vision)
[1.252s] Level 1:colcon.colcon_core.environment:checking '/home/xu/ACE/Script_db3_to_mp4-main/install/rosbag_vision' for CMake module files
[1.253s] Level 1:colcon.colcon_core.environment:checking '/home/xu/ACE/Script_db3_to_mp4-main/install/rosbag_vision' for CMake config files
[1.253s] Level 1:colcon.colcon_core.shell:create_environment_hook('rosbag_vision', 'cmake_prefix_path')
[1.253s] INFO:colcon.colcon_core.shell:Creating environment hook '/home/xu/ACE/Script_db3_to_mp4-main/install/rosbag_vision/share/rosbag_vision/hook/cmake_prefix_path.ps1'
[1.253s] INFO:colcon.colcon_core.shell:Creating environment descriptor '/home/xu/ACE/Script_db3_to_mp4-main/install/rosbag_vision/share/rosbag_vision/hook/cmake_prefix_path.dsv'
[1.253s] INFO:colcon.colcon_core.shell:Creating environment hook '/home/xu/ACE/Script_db3_to_mp4-main/install/rosbag_vision/share/rosbag_vision/hook/cmake_prefix_path.sh'
[1.254s] Level 1:colcon.colcon_core.environment:checking '/home/xu/ACE/Script_db3_to_mp4-main/install/rosbag_vision/bin'
[1.254s] Level 1:colcon.colcon_core.environment:checking '/home/xu/ACE/Script_db3_to_mp4-main/install/rosbag_vision/lib/pkgconfig/rosbag_vision.pc'
[1.254s] Level 1:colcon.colcon_core.environment:checking '/home/xu/ACE/Script_db3_to_mp4-main/install/rosbag_vision/lib/python3.10/site-packages'
[1.254s] Level 1:colcon.colcon_core.environment:checking '/home/xu/ACE/Script_db3_to_mp4-main/install/rosbag_vision/bin'
[1.255s] INFO:colcon.colcon_core.shell:Creating package script '/home/xu/ACE/Script_db3_to_mp4-main/install/rosbag_vision/share/rosbag_vision/package.ps1'
[1.255s] INFO:colcon.colcon_core.shell:Creating package descriptor '/home/xu/ACE/Script_db3_to_mp4-main/install/rosbag_vision/share/rosbag_vision/package.dsv'
[1.256s] INFO:colcon.colcon_core.shell:Creating package script '/home/xu/ACE/Script_db3_to_mp4-main/install/rosbag_vision/share/rosbag_vision/package.sh'
[1.256s] INFO:colcon.colcon_core.shell:Creating package script '/home/xu/ACE/Script_db3_to_mp4-main/install/rosbag_vision/share/rosbag_vision/package.bash'
[1.257s] INFO:colcon.colcon_core.shell:Creating package script '/home/xu/ACE/Script_db3_to_mp4-main/install/rosbag_vision/share/rosbag_vision/package.zsh'
[1.257s] Level 1:colcon.colcon_core.environment:create_file_with_runtime_dependencies(/home/xu/ACE/Script_db3_to_mp4-main/install/rosbag_vision/share/colcon-core/packages/rosbag_vision)
[6.235s] DEBUG:colcon.colcon_core.event_handler.log_command:Invoked command in '/home/xu/ACE/Script_db3_to_mp4-main/build/rosbag_player' returned '0': CMAKE_PREFIX_PATH=/opt/ros/humble /usr/local/bin/cmake --build /home/xu/ACE/Script_db3_to_mp4-main/build/rosbag_player -- -j12 -l12
[6.256s] DEBUG:colcon.colcon_core.event_handler.log_command:Invoking command in '/home/xu/ACE/Script_db3_to_mp4-main/build/rosbag_player': CMAKE_PREFIX_PATH=/opt/ros/humble /usr/local/bin/cmake --install /home/xu/ACE/Script_db3_to_mp4-main/build/rosbag_player
[6.261s] Level 1:colcon.colcon_core.environment:create_environment_scripts_only(rosbag_player)
[6.261s] DEBUG:colcon.colcon_core.event_handler.log_command:Invoked command in '/home/xu/ACE/Script_db3_to_mp4-main/build/rosbag_player' returned '0': CMAKE_PREFIX_PATH=/opt/ros/humble /usr/local/bin/cmake --install /home/xu/ACE/Script_db3_to_mp4-main/build/rosbag_player
[6.261s] Level 1:colcon.colcon_core.environment:checking '/home/xu/ACE/Script_db3_to_mp4-main/install/rosbag_player' for CMake module files
[6.262s] Level 1:colcon.colcon_core.environment:checking '/home/xu/ACE/Script_db3_to_mp4-main/install/rosbag_player' for CMake config files
[6.262s] Level 1:colcon.colcon_core.shell:create_environment_hook('rosbag_player', 'cmake_prefix_path')
[6.262s] INFO:colcon.colcon_core.shell:Creating environment hook '/home/xu/ACE/Script_db3_to_mp4-main/install/rosbag_player/share/rosbag_player/hook/cmake_prefix_path.ps1'
[6.262s] INFO:colcon.colcon_core.shell:Creating environment descriptor '/home/xu/ACE/Script_db3_to_mp4-main/install/rosbag_player/share/rosbag_player/hook/cmake_prefix_path.dsv'
[6.262s] INFO:colcon.colcon_core.shell:Creating environment hook '/home/xu/ACE/Script_db3_to_mp4-main/install/rosbag_player/share/rosbag_player/hook/cmake_prefix_path.sh'
[6.263s] Level 1:colcon.colcon_core.environment:checking '/home/xu/ACE/Script_db3_to_mp4-main/install/rosbag_player/lib'
[6.263s] Level 1:colcon.colcon_core.shell:create_environment_hook('rosbag_player', 'ld_library_path_lib')
[6.263s] INFO:colcon.colcon_core.shell:Creating environment hook '/home/xu/ACE/Script_db3_to_mp4-main/install/rosbag_player/share/rosbag_player/hook/ld_library_path_lib.ps1'
[6.263s] INFO:colcon.colcon_core.shell:Creating environment descriptor '/home/xu/ACE/Script_db3_to_mp4-main/install/rosbag_player/share/rosbag_player/hook/ld_library_path_lib.dsv'
[6.263s] INFO:colcon.colcon_core.shell:Creating environment hook '/home/xu/ACE/Script_db3_to_mp4-main/install/rosbag_player/share/rosbag_player/hook/ld_library_path_lib.sh'
[6.263s] Level 1:colcon.colcon_core.environment:checking '/home/xu/ACE/Script_db3_to_mp4-main/install/rosbag_player/bin'
[6.263s] Level 1:colcon.colcon_core.environment:checking '/home/xu/ACE/Script_db3_to_mp4-main/install/rosbag_player/lib/pkgconfig/rosbag_player.pc'
[6.264s] Level 1:colcon.colcon_core.environment:checking '/home/xu/ACE/Script_db3_to_mp4-main/install/rosbag_player/lib/python3.10/site-packages'
[6.264s] Level 1:colcon.colcon_core.environment:checking '/home/xu/ACE/Script_db3_to_mp4-main/install/rosbag_player/bin'
[6.264s] INFO:colcon.colcon_core.shell:Creating package script '/home/xu/ACE/Script_db3_to_mp4-main/install/rosbag_player/share/rosbag_player/package.ps1'
[6.264s] INFO:colcon.colcon_core.shell:Creating package descriptor '/home/xu/ACE/Script_db3_to_mp4-main/install/rosbag_player/share/rosbag_player/package.dsv'
[6.264s] INFO:colcon.colcon_core.shell:Creating package script '/home/xu/ACE/Script_db3_to_mp4-main/install/rosbag_player/share/rosbag_player/package.sh'
[6.264s] INFO:colcon.colcon_core.shell:Creating package script '/home/xu/ACE/Script_db3_to_mp4-main/install/rosbag_player/share/rosbag_player/package.bash'
[6.265s] INFO:colcon.colcon_core.shell:Creating package script '/home/xu/ACE/Script_db3_to_mp4-main/install/rosbag_player/share/rosbag_player/package.zsh'
[6.265s] Level 1:colcon.colcon_core.environment:create_file_with_runtime_dependencies(/home/xu/ACE/Script_db3_to_mp4-main/install/rosbag_player/share/colcon-core/packages/rosbag_player)
[6.292s] Level 1:colcon.colcon_core.environment:create_environment_scripts_only(rosbag_player)
[6.292s] Level 1:colcon.colcon_core.environment:checking '/home/xu/ACE/Script_db3_to_mp4-main/install/rosbag_player' for CMake module files
[6.292s] Level 1:colcon.colcon_core.environment:checking '/home/xu/ACE/Script_db3_to_mp4-main/install/rosbag_player' for CMake config files
[6.293s] Level 1:colcon.colcon_core.shell:create_environment_hook('rosbag_player', 'cmake_prefix_path')
[6.293s] INFO:colcon.colcon_core.shell:Creating environment hook '/home/xu/ACE/Script_db3_to_mp4-main/install/rosbag_player/share/rosbag_player/hook/cmake_prefix_path.ps1'
[6.293s] INFO:colcon.colcon_core.shell:Creating environment descriptor '/home/xu/ACE/Script_db3_to_mp4-main/install/rosbag_player/share/rosbag_player/hook/cmake_prefix_path.dsv'
[6.294s] INFO:colcon.colcon_core.shell:Creating environment hook '/home/xu/ACE/Script_db3_to_mp4-main/install/rosbag_player/share/rosbag_player/hook/cmake_prefix_path.sh'
[6.294s] Level 1:colcon.colcon_core.environment:checking '/home/xu/ACE/Script_db3_to_mp4-main/install/rosbag_player/lib'
[6.294s] Level 1:colcon.colcon_core.shell:create_environment_hook('rosbag_player', 'ld_library_path_lib')
[6.294s] INFO:colcon.colcon_core.shell:Creating environment hook '/home/xu/ACE/Script_db3_to_mp4-main/install/rosbag_player/share/rosbag_player/hook/ld_library_path_lib.ps1'
[6.295s] INFO:colcon.colcon_core.shell:Creating environment descriptor '/home/xu/ACE/Script_db3_to_mp4-main/install/rosbag_player/share/rosbag_player/hook/ld_library_path_lib.dsv'
[6.295s] INFO:colcon.colcon_core.shell:Creating environment hook '/home/xu/ACE/Script_db3_to_mp4-main/install/rosbag_player/share/rosbag_player/hook/ld_library_path_lib.sh'
[6.295s] Level 1:colcon.colcon_core.environment:checking '/home/xu/ACE/Script_db3_to_mp4-main/install/rosbag_player/bin'
[6.295s] Level 1:colcon.colcon_core.environment:checking '/home/xu/ACE/Script_db3_to_mp4-main/install/rosbag_player/lib/pkgconfig/rosbag_player.pc'
[6.295s] Level 1:colcon.colcon_core.environment:checking '/home/xu/ACE/Script_db3_to_mp4-main/install/rosbag_player/lib/python3.10/site-packages'
[6.296s] Level 1:colcon.colcon_core.environment:checking '/home/xu/ACE/Script_db3_to_mp4-main/install/rosbag_player/bin'
[6.296s] INFO:colcon.colcon_core.shell:Creating package script '/home/xu/ACE/Script_db3_to_mp4-main/install/rosbag_player/share/rosbag_player/package.ps1'
[6.296s] INFO:colcon.colcon_core.shell:Creating package descriptor '/home/xu/ACE/Script_db3_to_mp4-main/install/rosbag_player/share/rosbag_player/package.dsv'
[6.297s] INFO:colcon.colcon_core.shell:Creating package script '/home/xu/ACE/Script_db3_to_mp4-main/install/rosbag_player/share/rosbag_player/package.sh'
[6.297s] INFO:colcon.colcon_core.shell:Creating package script '/home/xu/ACE/Script_db3_to_mp4-main/install/rosbag_player/share/rosbag_player/package.bash'
[6.297s] INFO:colcon.colcon_core.shell:Creating package script '/home/xu/ACE/Script_db3_to_mp4-main/install/rosbag_player/share/rosbag_player/package.zsh'
[6.297s] Level 1:colcon.colcon_core.environment:create_file_with_runtime_dependencies(/home/xu/ACE/Script_db3_to_mp4-main/install/rosbag_player/share/colcon-core/packages/rosbag_player)
[6.297s] DEBUG:colcon.colcon_parallel_executor.executor.parallel:closing loop
[6.297s] DEBUG:colcon.colcon_parallel_executor.executor.parallel:loop closed
[6.297s] DEBUG:colcon.colcon_parallel_executor.executor.parallel:run_until_complete finished with '0'
[6.297s] DEBUG:colcon.colcon_core.event_reactor:joining thread
[6.301s] INFO:colcon.colcon_core.plugin_system:Skipping extension 'colcon_notification.desktop_notification.terminal_notifier': Not used on non-Darwin systems
[6.301s] INFO:colcon.colcon_core.plugin_system:Skipping extension 'colcon_notification.desktop_notification.win32': Not used on non-Windows systems
[6.302s] INFO:colcon.colcon_notification.desktop_notification:Sending desktop notification using 'notify2'
[6.313s] DEBUG:colcon.colcon_core.event_reactor:joined thread
[6.313s] INFO:colcon.colcon_core.shell:Creating prefix script '/home/xu/ACE/Script_db3_to_mp4-main/install/local_setup.ps1'
[6.315s] INFO:colcon.colcon_core.shell:Creating prefix util module '/home/xu/ACE/Script_db3_to_mp4-main/install/_local_setup_util_ps1.py'
[6.318s] INFO:colcon.colcon_core.shell:Creating prefix chain script '/home/xu/ACE/Script_db3_to_mp4-main/install/setup.ps1'
[6.320s] INFO:colcon.colcon_core.shell:Creating prefix script '/home/xu/ACE/Script_db3_to_mp4-main/install/local_setup.sh'
[6.321s] INFO:colcon.colcon_core.shell:Creating prefix util module '/home/xu/ACE/Script_db3_to_mp4-main/install/_local_setup_util_sh.py'
[6.322s] INFO:colcon.colcon_core.shell:Creating prefix chain script '/home/xu/ACE/Script_db3_to_mp4-main/install/setup.sh'
[6.324s] INFO:colcon.colcon_core.shell:Creating prefix script '/home/xu/ACE/Script_db3_to_mp4-main/install/local_setup.bash'
[6.324s] INFO:colcon.colcon_core.shell:Creating prefix chain script '/home/xu/ACE/Script_db3_to_mp4-main/install/setup.bash'
[6.325s] INFO:colcon.colcon_core.shell:Creating prefix script '/home/xu/ACE/Script_db3_to_mp4-main/install/local_setup.zsh'
[6.326s] INFO:colcon.colcon_core.shell:Creating prefix chain script '/home/xu/ACE/Script_db3_to_mp4-main/install/setup.zsh'
