-- The C compiler identification is GNU 11.4.0
-- The CXX compiler identification is GNU 11.4.0
-- Detecting C compiler ABI info
-- Detecting C compiler ABI info - done
-- Check for working C compiler: /usr/bin/cc - skipped
-- Detecting C compile features
-- Detecting C compile features - done
-- Detecting CXX compiler ABI info
-- Detecting CXX compiler ABI info - done
-- Check for working CXX compiler: /usr/bin/c++ - skipped
-- Detecting CXX compile features
-- Detecting CXX compile features - done
-- Found ament_cmake_auto: 1.3.11 (/opt/ros/humble/share/ament_cmake_auto/cmake)
-- Found Python3: /usr/bin/python3 (found version "3.10.12") found components: Interpreter
-- Found rosidl_generator_c: 3.1.5 (/opt/ros/humble/share/rosidl_generator_c/cmake)
-- Found rosidl_adapter: 3.1.5 (/opt/ros/humble/share/rosidl_adapter/cmake)
-- Found rosidl_generator_cpp: 3.1.5 (/opt/ros/humble/share/rosidl_generator_cpp/cmake)
-- Using all available rosidl_typesupport_c: rosidl_typesupport_fastrtps_c;rosidl_typesupport_introspection_c
-- Using all available rosidl_typesupport_cpp: rosidl_typesupport_fastrtps_cpp;rosidl_typesupport_introspection_cpp
-- Found rmw_implementation_cmake: 6.1.2 (/opt/ros/humble/share/rmw_implementation_cmake/cmake)
-- Found rmw_fastrtps_cpp: 6.2.7 (/opt/ros/humble/share/rmw_fastrtps_cpp/cmake)
-- Found OpenSSL: /usr/lib/x86_64-linux-gnu/libcrypto.so (found version "3.0.2")
-- Found FastRTPS: /opt/ros/humble/include
-- Using RMW implementation 'rmw_fastrtps_cpp' as default
-- Performing Test CMAKE_HAVE_LIBC_PTHREAD
-- Performing Test CMAKE_HAVE_LIBC_PTHREAD - Success
-- Found Threads: TRUE
-- Found Bullet: /usr/lib/x86_64-linux-gnu/libBulletDynamics.so
-- Found eigen3_cmake_module: 0.1.1 (/opt/ros/humble/share/eigen3_cmake_module/cmake)
-- Found Eigen3: TRUE (found version "3.4.0")
-- Ensuring Eigen3 include directory is part of orocos-kdl CMake target
-- Configuring done (1.0s)
-- Generating done (0.0s)
[33mCMake Warning:
  Manually-specified variables were not used by the project:

    CMAKE_EXPORT_COMPILE_COMMANDS

[0m
-- Build files have been written to: /home/xu/ACE/Script_db3_to_mp4-main/build/rosbag_vision
-- Install configuration: "Debug"
-- Installing: /home/xu/ACE/Script_db3_to_mp4-main/install/rosbag_vision/share/rosbag_vision/launch
-- Installing: /home/xu/ACE/Script_db3_to_mp4-main/install/rosbag_vision/share/rosbag_vision/launch/run_rosbag.launch.py
-- Installing: /home/xu/ACE/Script_db3_to_mp4-main/install/rosbag_vision/share/ament_index/resource_index/package_run_dependencies/rosbag_vision
-- Installing: /home/xu/ACE/Script_db3_to_mp4-main/install/rosbag_vision/share/ament_index/resource_index/parent_prefix_path/rosbag_vision
-- Installing: /home/xu/ACE/Script_db3_to_mp4-main/install/rosbag_vision/share/rosbag_vision/environment/ament_prefix_path.sh
-- Installing: /home/xu/ACE/Script_db3_to_mp4-main/install/rosbag_vision/share/rosbag_vision/environment/ament_prefix_path.dsv
-- Installing: /home/xu/ACE/Script_db3_to_mp4-main/install/rosbag_vision/share/rosbag_vision/environment/path.sh
-- Installing: /home/xu/ACE/Script_db3_to_mp4-main/install/rosbag_vision/share/rosbag_vision/environment/path.dsv
-- Installing: /home/xu/ACE/Script_db3_to_mp4-main/install/rosbag_vision/share/rosbag_vision/local_setup.bash
-- Installing: /home/xu/ACE/Script_db3_to_mp4-main/install/rosbag_vision/share/rosbag_vision/local_setup.sh
-- Installing: /home/xu/ACE/Script_db3_to_mp4-main/install/rosbag_vision/share/rosbag_vision/local_setup.zsh
-- Installing: /home/xu/ACE/Script_db3_to_mp4-main/install/rosbag_vision/share/rosbag_vision/local_setup.dsv
-- Installing: /home/xu/ACE/Script_db3_to_mp4-main/install/rosbag_vision/share/rosbag_vision/package.dsv
-- Installing: /home/xu/ACE/Script_db3_to_mp4-main/install/rosbag_vision/share/ament_index/resource_index/packages/rosbag_vision
-- Installing: /home/xu/ACE/Script_db3_to_mp4-main/install/rosbag_vision/share/rosbag_vision/cmake/ament_cmake_export_dependencies-extras.cmake
-- Installing: /home/xu/ACE/Script_db3_to_mp4-main/install/rosbag_vision/share/rosbag_vision/cmake/rosbag_visionConfig.cmake
-- Installing: /home/xu/ACE/Script_db3_to_mp4-main/install/rosbag_vision/share/rosbag_vision/cmake/rosbag_visionConfig-version.cmake
-- Installing: /home/xu/ACE/Script_db3_to_mp4-main/install/rosbag_vision/share/rosbag_vision/package.xml
