[0.006s] Invoking command in '/home/xu/ACE/Script_db3_to_mp4-main/build/rosbag_vision': CMAKE_PREFIX_PATH=/opt/ros/humble /usr/local/bin/cmake /home/xu/ACE/Script_db3_to_mp4-main/src/rosbag_vision -DCMAKE_EXPORT_COMPILE_COMMANDS=ON -DCMAKE_INSTALL_PREFIX=/home/xu/ACE/Script_db3_to_mp4-main/install/rosbag_vision
[0.046s] -- The C compiler identification is GNU 11.4.0
[0.086s] -- The CXX compiler identification is GNU 11.4.0
[0.094s] -- Detecting C compiler ABI info
[0.140s] -- Detecting C compiler ABI info - done
[0.162s] -- Check for working C compiler: /usr/bin/cc - skipped
[0.163s] -- Detecting C compile features
[0.163s] -- Detecting C compile features - done
[0.166s] -- Detecting CXX compiler ABI info
[0.231s] -- Detecting CXX compiler ABI info - done
[0.244s] -- Check for working CXX compiler: /usr/bin/c++ - skipped
[0.244s] -- Detecting CXX compile features
[0.245s] -- Detecting CXX compile features - done
[0.246s] -- Found ament_cmake_auto: 1.3.11 (/opt/ros/humble/share/ament_cmake_auto/cmake)
[0.356s] -- Found Python3: /usr/bin/python3 (found version "3.10.12") found components: Interpreter
[0.497s] -- Found rosidl_generator_c: 3.1.5 (/opt/ros/humble/share/rosidl_generator_c/cmake)
[0.500s] -- Found rosidl_adapter: 3.1.5 (/opt/ros/humble/share/rosidl_adapter/cmake)
[0.506s] -- Found rosidl_generator_cpp: 3.1.5 (/opt/ros/humble/share/rosidl_generator_cpp/cmake)
[0.514s] -- Using all available rosidl_typesupport_c: rosidl_typesupport_fastrtps_c;rosidl_typesupport_introspection_c
[0.526s] -- Using all available rosidl_typesupport_cpp: rosidl_typesupport_fastrtps_cpp;rosidl_typesupport_introspection_cpp
[0.555s] -- Found rmw_implementation_cmake: 6.1.2 (/opt/ros/humble/share/rmw_implementation_cmake/cmake)
[0.557s] -- Found rmw_fastrtps_cpp: 6.2.7 (/opt/ros/humble/share/rmw_fastrtps_cpp/cmake)
[0.616s] -- Found OpenSSL: /usr/lib/x86_64-linux-gnu/libcrypto.so (found version "3.0.2")
[0.634s] -- Found FastRTPS: /opt/ros/humble/include
[0.664s] -- Using RMW implementation 'rmw_fastrtps_cpp' as default
[0.669s] -- Performing Test CMAKE_HAVE_LIBC_PTHREAD
[0.714s] -- Performing Test CMAKE_HAVE_LIBC_PTHREAD - Success
[0.714s] -- Found Threads: TRUE
[0.909s] -- Found Bullet: /usr/lib/x86_64-linux-gnu/libBulletDynamics.so
[0.919s] -- Found eigen3_cmake_module: 0.1.1 (/opt/ros/humble/share/eigen3_cmake_module/cmake)
[0.920s] -- Found Eigen3: TRUE (found version "3.4.0")
[0.920s] -- Ensuring Eigen3 include directory is part of orocos-kdl CMake target
[0.961s] -- Configuring done (1.0s)
[0.965s] -- Generating done (0.0s)
[0.965s] [33mCMake Warning:
[0.966s]   Manually-specified variables were not used by the project:
[0.966s] 
[0.966s]     CMAKE_EXPORT_COMPILE_COMMANDS
[0.966s] 
[0.966s] [0m
[0.966s] -- Build files have been written to: /home/xu/ACE/Script_db3_to_mp4-main/build/rosbag_vision
[0.973s] Invoked command in '/home/xu/ACE/Script_db3_to_mp4-main/build/rosbag_vision' returned '0': CMAKE_PREFIX_PATH=/opt/ros/humble /usr/local/bin/cmake /home/xu/ACE/Script_db3_to_mp4-main/src/rosbag_vision -DCMAKE_EXPORT_COMPILE_COMMANDS=ON -DCMAKE_INSTALL_PREFIX=/home/xu/ACE/Script_db3_to_mp4-main/install/rosbag_vision
[0.975s] Invoking command in '/home/xu/ACE/Script_db3_to_mp4-main/build/rosbag_vision': CMAKE_PREFIX_PATH=/opt/ros/humble /usr/local/bin/cmake --build /home/xu/ACE/Script_db3_to_mp4-main/build/rosbag_vision -- -j12 -l12
[0.997s] Invoked command in '/home/xu/ACE/Script_db3_to_mp4-main/build/rosbag_vision' returned '0': CMAKE_PREFIX_PATH=/opt/ros/humble /usr/local/bin/cmake --build /home/xu/ACE/Script_db3_to_mp4-main/build/rosbag_vision -- -j12 -l12
[1.020s] Invoking command in '/home/xu/ACE/Script_db3_to_mp4-main/build/rosbag_vision': CMAKE_PREFIX_PATH=/opt/ros/humble /usr/local/bin/cmake --install /home/xu/ACE/Script_db3_to_mp4-main/build/rosbag_vision
[1.024s] -- Install configuration: "Debug"
[1.024s] -- Installing: /home/xu/ACE/Script_db3_to_mp4-main/install/rosbag_vision/share/rosbag_vision/launch
[1.024s] -- Installing: /home/xu/ACE/Script_db3_to_mp4-main/install/rosbag_vision/share/rosbag_vision/launch/run_rosbag.launch.py
[1.024s] -- Installing: /home/xu/ACE/Script_db3_to_mp4-main/install/rosbag_vision/share/ament_index/resource_index/package_run_dependencies/rosbag_vision
[1.025s] -- Installing: /home/xu/ACE/Script_db3_to_mp4-main/install/rosbag_vision/share/ament_index/resource_index/parent_prefix_path/rosbag_vision
[1.025s] -- Installing: /home/xu/ACE/Script_db3_to_mp4-main/install/rosbag_vision/share/rosbag_vision/environment/ament_prefix_path.sh
[1.025s] -- Installing: /home/xu/ACE/Script_db3_to_mp4-main/install/rosbag_vision/share/rosbag_vision/environment/ament_prefix_path.dsv
[1.025s] -- Installing: /home/xu/ACE/Script_db3_to_mp4-main/install/rosbag_vision/share/rosbag_vision/environment/path.sh
[1.025s] -- Installing: /home/xu/ACE/Script_db3_to_mp4-main/install/rosbag_vision/share/rosbag_vision/environment/path.dsv
[1.025s] -- Installing: /home/xu/ACE/Script_db3_to_mp4-main/install/rosbag_vision/share/rosbag_vision/local_setup.bash
[1.025s] -- Installing: /home/xu/ACE/Script_db3_to_mp4-main/install/rosbag_vision/share/rosbag_vision/local_setup.sh
[1.025s] -- Installing: /home/xu/ACE/Script_db3_to_mp4-main/install/rosbag_vision/share/rosbag_vision/local_setup.zsh
[1.026s] -- Installing: /home/xu/ACE/Script_db3_to_mp4-main/install/rosbag_vision/share/rosbag_vision/local_setup.dsv
[1.026s] -- Installing: /home/xu/ACE/Script_db3_to_mp4-main/install/rosbag_vision/share/rosbag_vision/package.dsv
[1.026s] -- Installing: /home/xu/ACE/Script_db3_to_mp4-main/install/rosbag_vision/share/ament_index/resource_index/packages/rosbag_vision
[1.026s] -- Installing: /home/xu/ACE/Script_db3_to_mp4-main/install/rosbag_vision/share/rosbag_vision/cmake/ament_cmake_export_dependencies-extras.cmake
[1.026s] -- Installing: /home/xu/ACE/Script_db3_to_mp4-main/install/rosbag_vision/share/rosbag_vision/cmake/rosbag_visionConfig.cmake
[1.026s] -- Installing: /home/xu/ACE/Script_db3_to_mp4-main/install/rosbag_vision/share/rosbag_vision/cmake/rosbag_visionConfig-version.cmake
[1.026s] -- Installing: /home/xu/ACE/Script_db3_to_mp4-main/install/rosbag_vision/share/rosbag_vision/package.xml
[1.028s] Invoked command in '/home/xu/ACE/Script_db3_to_mp4-main/build/rosbag_vision' returned '0': CMAKE_PREFIX_PATH=/opt/ros/humble /usr/local/bin/cmake --install /home/xu/ACE/Script_db3_to_mp4-main/build/rosbag_vision
