[0.008s] Invoking command in '/home/xu/ACE/Script_db3_to_mp4-main/build/rosbag_vision': CMAKE_PREFIX_PATH=/opt/ros/humble /usr/local/bin/cmake /home/xu/ACE/Script_db3_to_mp4-main/src/rosbag_vision -DCMAKE_INSTALL_PREFIX=/home/xu/ACE/Script_db3_to_mp4-main/install/rosbag_vision
[0.015s] -- Found ament_cmake_auto: 1.3.11 (/opt/ros/humble/share/ament_cmake_auto/cmake)
[0.230s] -- Found rosidl_generator_c: 3.1.5 (/opt/ros/humble/share/rosidl_generator_c/cmake)
[0.231s] -- Found rosidl_adapter: 3.1.5 (/opt/ros/humble/share/rosidl_adapter/cmake)
[0.236s] -- Found rosidl_generator_cpp: 3.1.5 (/opt/ros/humble/share/rosidl_generator_cpp/cmake)
[0.242s] -- Using all available rosidl_typesupport_c: rosidl_typesupport_fastrtps_c;rosidl_typesupport_introspection_c
[0.251s] -- Using all available rosidl_typesupport_cpp: rosidl_typesupport_fastrtps_cpp;rosidl_typesupport_introspection_cpp
[0.274s] -- Found rmw_implementation_cmake: 6.1.2 (/opt/ros/humble/share/rmw_implementation_cmake/cmake)
[0.275s] -- Found rmw_fastrtps_cpp: 6.2.7 (/opt/ros/humble/share/rmw_fastrtps_cpp/cmake)
[0.345s] -- Using RMW implementation 'rmw_fastrtps_cpp' as default
[0.516s] -- Found eigen3_cmake_module: 0.1.1 (/opt/ros/humble/share/eigen3_cmake_module/cmake)
[0.517s] -- Ensuring Eigen3 include directory is part of orocos-kdl CMake target
[0.553s] -- Configuring done (0.5s)
[0.558s] -- Generating done (0.0s)
[0.558s] -- Build files have been written to: /home/xu/ACE/Script_db3_to_mp4-main/build/rosbag_vision
[0.563s] Invoked command in '/home/xu/ACE/Script_db3_to_mp4-main/build/rosbag_vision' returned '0': CMAKE_PREFIX_PATH=/opt/ros/humble /usr/local/bin/cmake /home/xu/ACE/Script_db3_to_mp4-main/src/rosbag_vision -DCMAKE_INSTALL_PREFIX=/home/xu/ACE/Script_db3_to_mp4-main/install/rosbag_vision
[0.564s] Invoking command in '/home/xu/ACE/Script_db3_to_mp4-main/build/rosbag_vision': CMAKE_PREFIX_PATH=/opt/ros/humble /usr/local/bin/cmake --build /home/xu/ACE/Script_db3_to_mp4-main/build/rosbag_vision -- -j12 -l12
[0.579s] Invoked command in '/home/xu/ACE/Script_db3_to_mp4-main/build/rosbag_vision' returned '0': CMAKE_PREFIX_PATH=/opt/ros/humble /usr/local/bin/cmake --build /home/xu/ACE/Script_db3_to_mp4-main/build/rosbag_vision -- -j12 -l12
[0.592s] Invoking command in '/home/xu/ACE/Script_db3_to_mp4-main/build/rosbag_vision': CMAKE_PREFIX_PATH=/opt/ros/humble /usr/local/bin/cmake --install /home/xu/ACE/Script_db3_to_mp4-main/build/rosbag_vision
[0.595s] -- Install configuration: "Debug"
[0.595s] -- Up-to-date: /home/xu/ACE/Script_db3_to_mp4-main/install/rosbag_vision/share/rosbag_vision/launch
[0.595s] -- Installing: /home/xu/ACE/Script_db3_to_mp4-main/install/rosbag_vision/share/rosbag_vision/launch/run_rosbag.launch.py
[0.595s] -- Up-to-date: /home/xu/ACE/Script_db3_to_mp4-main/install/rosbag_vision/share/ament_index/resource_index/package_run_dependencies/rosbag_vision
[0.595s] -- Up-to-date: /home/xu/ACE/Script_db3_to_mp4-main/install/rosbag_vision/share/ament_index/resource_index/parent_prefix_path/rosbag_vision
[0.595s] -- Up-to-date: /home/xu/ACE/Script_db3_to_mp4-main/install/rosbag_vision/share/rosbag_vision/environment/ament_prefix_path.sh
[0.595s] -- Installing: /home/xu/ACE/Script_db3_to_mp4-main/install/rosbag_vision/share/rosbag_vision/environment/ament_prefix_path.dsv
[0.595s] -- Up-to-date: /home/xu/ACE/Script_db3_to_mp4-main/install/rosbag_vision/share/rosbag_vision/environment/path.sh
[0.595s] -- Installing: /home/xu/ACE/Script_db3_to_mp4-main/install/rosbag_vision/share/rosbag_vision/environment/path.dsv
[0.595s] -- Up-to-date: /home/xu/ACE/Script_db3_to_mp4-main/install/rosbag_vision/share/rosbag_vision/local_setup.bash
[0.596s] -- Up-to-date: /home/xu/ACE/Script_db3_to_mp4-main/install/rosbag_vision/share/rosbag_vision/local_setup.sh
[0.596s] -- Up-to-date: /home/xu/ACE/Script_db3_to_mp4-main/install/rosbag_vision/share/rosbag_vision/local_setup.zsh
[0.596s] -- Installing: /home/xu/ACE/Script_db3_to_mp4-main/install/rosbag_vision/share/rosbag_vision/local_setup.dsv
[0.596s] -- Installing: /home/xu/ACE/Script_db3_to_mp4-main/install/rosbag_vision/share/rosbag_vision/package.dsv
[0.596s] -- Up-to-date: /home/xu/ACE/Script_db3_to_mp4-main/install/rosbag_vision/share/ament_index/resource_index/packages/rosbag_vision
[0.596s] -- Up-to-date: /home/xu/ACE/Script_db3_to_mp4-main/install/rosbag_vision/share/rosbag_vision/cmake/ament_cmake_export_dependencies-extras.cmake
[0.596s] -- Up-to-date: /home/xu/ACE/Script_db3_to_mp4-main/install/rosbag_vision/share/rosbag_vision/cmake/rosbag_visionConfig.cmake
[0.596s] -- Up-to-date: /home/xu/ACE/Script_db3_to_mp4-main/install/rosbag_vision/share/rosbag_vision/cmake/rosbag_visionConfig-version.cmake
[0.596s] -- Up-to-date: /home/xu/ACE/Script_db3_to_mp4-main/install/rosbag_vision/share/rosbag_vision/package.xml
[0.597s] Invoked command in '/home/xu/ACE/Script_db3_to_mp4-main/build/rosbag_vision' returned '0': CMAKE_PREFIX_PATH=/opt/ros/humble /usr/local/bin/cmake --install /home/xu/ACE/Script_db3_to_mp4-main/build/rosbag_vision
