[0.074s] DEBUG:colcon:Command line arguments: ['/usr/bin/colcon', 'build']
[0.075s] DEBUG:colcon:Parsed command line arguments: Namespace(log_base=None, log_level=None, verb_name='build', build_base='build', install_base='install', merge_install=False, symlink_install=False, test_result_base=None, continue_on_error=False, executor='parallel', parallel_workers=12, event_handlers=None, ignore_user_meta=False, metas=['./colcon.meta'], base_paths=['.'], packages_ignore=None, packages_ignore_regex=None, paths=None, packages_up_to=None, packages_up_to_regex=None, packages_above=None, packages_above_and_dependencies=None, packages_above_depth=None, packages_select_by_dep=None, packages_skip_by_dep=None, packages_skip_up_to=None, packages_select_build_failed=False, packages_skip_build_finished=False, packages_select_test_failures=False, packages_skip_test_passed=False, packages_select=None, packages_skip=None, packages_select_regex=None, packages_skip_regex=None, packages_start=None, packages_end=None, allow_overriding=[], cmake_args=None, cmake_target=None, cmake_target_skip_unavailable=False, cmake_clean_cache=False, cmake_clean_first=False, cmake_force_configure=False, ament_cmake_args=None, catkin_cmake_args=None, catkin_skip_building_tests=False, mixin_files=None, mixin=None, verb_parser=<colcon_mixin.mixin.mixin_argument.MixinArgumentDecorator object at 0x7d5e29356dd0>, verb_extension=<colcon_core.verb.build.BuildVerb object at 0x7d5e29356920>, main=<bound method BuildVerb.main of <colcon_core.verb.build.BuildVerb object at 0x7d5e29356920>>, mixin_verb=('build',))
[0.168s] Level 1:colcon.colcon_core.package_discovery:discover_packages(colcon_meta) check parameters
[0.168s] Level 1:colcon.colcon_core.package_discovery:discover_packages(recursive) check parameters
[0.168s] Level 1:colcon.colcon_core.package_discovery:discover_packages(ignore) check parameters
[0.168s] Level 1:colcon.colcon_core.package_discovery:discover_packages(path) check parameters
[0.168s] Level 1:colcon.colcon_core.package_discovery:discover_packages(colcon_meta) discover
[0.168s] Level 1:colcon.colcon_core.package_discovery:discover_packages(recursive) discover
[0.168s] INFO:colcon.colcon_core.package_discovery:Crawling recursively for packages in '/home/xu/ACE/Script_db3_to_mp4-main'
[0.168s] Level 1:colcon.colcon_core.package_identification:_identify(.) by extensions ['ignore', 'ignore_ament_install']
[0.168s] Level 1:colcon.colcon_core.package_identification:_identify(.) by extension 'ignore'
[0.168s] Level 1:colcon.colcon_core.package_identification:_identify(.) by extension 'ignore_ament_install'
[0.168s] Level 1:colcon.colcon_core.package_identification:_identify(.) by extensions ['colcon_pkg']
[0.168s] Level 1:colcon.colcon_core.package_identification:_identify(.) by extension 'colcon_pkg'
[0.168s] Level 1:colcon.colcon_core.package_identification:_identify(.) by extensions ['colcon_meta']
[0.168s] Level 1:colcon.colcon_core.package_identification:_identify(.) by extension 'colcon_meta'
[0.168s] Level 1:colcon.colcon_core.package_identification:_identify(.) by extensions ['ros']
[0.168s] Level 1:colcon.colcon_core.package_identification:_identify(.) by extension 'ros'
[0.175s] Level 1:colcon.colcon_core.package_identification:_identify(.) by extensions ['cmake', 'python']
[0.175s] Level 1:colcon.colcon_core.package_identification:_identify(.) by extension 'cmake'
[0.175s] Level 1:colcon.colcon_core.package_identification:_identify(.) by extension 'python'
[0.175s] Level 1:colcon.colcon_core.package_identification:_identify(.) by extensions ['python_setup_py']
[0.175s] Level 1:colcon.colcon_core.package_identification:_identify(.) by extension 'python_setup_py'
[0.175s] Level 1:colcon.colcon_core.package_identification:_identify(build) by extensions ['ignore', 'ignore_ament_install']
[0.175s] Level 1:colcon.colcon_core.package_identification:_identify(build) by extension 'ignore'
[0.175s] Level 1:colcon.colcon_core.package_identification:_identify(build) ignored
[0.175s] Level 1:colcon.colcon_core.package_identification:_identify(install) by extensions ['ignore', 'ignore_ament_install']
[0.175s] Level 1:colcon.colcon_core.package_identification:_identify(install) by extension 'ignore'
[0.175s] Level 1:colcon.colcon_core.package_identification:_identify(install) ignored
[0.175s] Level 1:colcon.colcon_core.package_identification:_identify(log) by extensions ['ignore', 'ignore_ament_install']
[0.175s] Level 1:colcon.colcon_core.package_identification:_identify(log) by extension 'ignore'
[0.175s] Level 1:colcon.colcon_core.package_identification:_identify(log) ignored
[0.175s] Level 1:colcon.colcon_core.package_identification:_identify(src) by extensions ['ignore', 'ignore_ament_install']
[0.175s] Level 1:colcon.colcon_core.package_identification:_identify(src) by extension 'ignore'
[0.175s] Level 1:colcon.colcon_core.package_identification:_identify(src) by extension 'ignore_ament_install'
[0.175s] Level 1:colcon.colcon_core.package_identification:_identify(src) by extensions ['colcon_pkg']
[0.175s] Level 1:colcon.colcon_core.package_identification:_identify(src) by extension 'colcon_pkg'
[0.175s] Level 1:colcon.colcon_core.package_identification:_identify(src) by extensions ['colcon_meta']
[0.175s] Level 1:colcon.colcon_core.package_identification:_identify(src) by extension 'colcon_meta'
[0.175s] Level 1:colcon.colcon_core.package_identification:_identify(src) by extensions ['ros']
[0.176s] Level 1:colcon.colcon_core.package_identification:_identify(src) by extension 'ros'
[0.176s] Level 1:colcon.colcon_core.package_identification:_identify(src) by extensions ['cmake', 'python']
[0.176s] Level 1:colcon.colcon_core.package_identification:_identify(src) by extension 'cmake'
[0.176s] Level 1:colcon.colcon_core.package_identification:_identify(src) by extension 'python'
[0.176s] Level 1:colcon.colcon_core.package_identification:_identify(src) by extensions ['python_setup_py']
[0.176s] Level 1:colcon.colcon_core.package_identification:_identify(src) by extension 'python_setup_py'
[0.176s] Level 1:colcon.colcon_core.package_identification:_identify(src/rosbag_vision) by extensions ['ignore', 'ignore_ament_install']
[0.176s] Level 1:colcon.colcon_core.package_identification:_identify(src/rosbag_vision) by extension 'ignore'
[0.176s] Level 1:colcon.colcon_core.package_identification:_identify(src/rosbag_vision) by extension 'ignore_ament_install'
[0.176s] Level 1:colcon.colcon_core.package_identification:_identify(src/rosbag_vision) by extensions ['colcon_pkg']
[0.176s] Level 1:colcon.colcon_core.package_identification:_identify(src/rosbag_vision) by extension 'colcon_pkg'
[0.176s] Level 1:colcon.colcon_core.package_identification:_identify(src/rosbag_vision) by extensions ['colcon_meta']
[0.176s] Level 1:colcon.colcon_core.package_identification:_identify(src/rosbag_vision) by extension 'colcon_meta'
[0.176s] Level 1:colcon.colcon_core.package_identification:_identify(src/rosbag_vision) by extensions ['ros']
[0.176s] Level 1:colcon.colcon_core.package_identification:_identify(src/rosbag_vision) by extension 'ros'
[0.178s] DEBUG:colcon.colcon_core.package_identification:Package 'src/rosbag_vision' with type 'ros.ament_cmake' and name 'rosbag_vision'
[0.178s] Level 1:colcon.colcon_core.package_identification:_identify(src/utils) by extensions ['ignore', 'ignore_ament_install']
[0.178s] Level 1:colcon.colcon_core.package_identification:_identify(src/utils) by extension 'ignore'
[0.178s] Level 1:colcon.colcon_core.package_identification:_identify(src/utils) by extension 'ignore_ament_install'
[0.178s] Level 1:colcon.colcon_core.package_identification:_identify(src/utils) by extensions ['colcon_pkg']
[0.178s] Level 1:colcon.colcon_core.package_identification:_identify(src/utils) by extension 'colcon_pkg'
[0.178s] Level 1:colcon.colcon_core.package_identification:_identify(src/utils) by extensions ['colcon_meta']
[0.178s] Level 1:colcon.colcon_core.package_identification:_identify(src/utils) by extension 'colcon_meta'
[0.178s] Level 1:colcon.colcon_core.package_identification:_identify(src/utils) by extensions ['ros']
[0.178s] Level 1:colcon.colcon_core.package_identification:_identify(src/utils) by extension 'ros'
[0.178s] Level 1:colcon.colcon_core.package_identification:_identify(src/utils) by extensions ['cmake', 'python']
[0.178s] Level 1:colcon.colcon_core.package_identification:_identify(src/utils) by extension 'cmake'
[0.178s] Level 1:colcon.colcon_core.package_identification:_identify(src/utils) by extension 'python'
[0.178s] Level 1:colcon.colcon_core.package_identification:_identify(src/utils) by extensions ['python_setup_py']
[0.178s] Level 1:colcon.colcon_core.package_identification:_identify(src/utils) by extension 'python_setup_py'
[0.178s] Level 1:colcon.colcon_core.package_identification:_identify(src/utils/rosbag_player) by extensions ['ignore', 'ignore_ament_install']
[0.178s] Level 1:colcon.colcon_core.package_identification:_identify(src/utils/rosbag_player) by extension 'ignore'
[0.178s] Level 1:colcon.colcon_core.package_identification:_identify(src/utils/rosbag_player) by extension 'ignore_ament_install'
[0.178s] Level 1:colcon.colcon_core.package_identification:_identify(src/utils/rosbag_player) by extensions ['colcon_pkg']
[0.178s] Level 1:colcon.colcon_core.package_identification:_identify(src/utils/rosbag_player) by extension 'colcon_pkg'
[0.178s] Level 1:colcon.colcon_core.package_identification:_identify(src/utils/rosbag_player) by extensions ['colcon_meta']
[0.178s] Level 1:colcon.colcon_core.package_identification:_identify(src/utils/rosbag_player) by extension 'colcon_meta'
[0.178s] Level 1:colcon.colcon_core.package_identification:_identify(src/utils/rosbag_player) by extensions ['ros']
[0.178s] Level 1:colcon.colcon_core.package_identification:_identify(src/utils/rosbag_player) by extension 'ros'
[0.179s] DEBUG:colcon.colcon_core.package_identification:Package 'src/utils/rosbag_player' with type 'ros.ament_cmake' and name 'rosbag_player'
[0.179s] Level 1:colcon.colcon_core.package_discovery:discover_packages(recursive) using defaults
[0.179s] Level 1:colcon.colcon_core.package_discovery:discover_packages(ignore) discover
[0.179s] Level 1:colcon.colcon_core.package_discovery:discover_packages(ignore) using defaults
[0.179s] Level 1:colcon.colcon_core.package_discovery:discover_packages(path) discover
[0.179s] Level 1:colcon.colcon_core.package_discovery:discover_packages(path) using defaults
[0.200s] Level 1:colcon.colcon_core.package_discovery:discover_packages(prefix_path) check parameters
[0.200s] Level 1:colcon.colcon_core.package_discovery:discover_packages(prefix_path) discover
[0.201s] DEBUG:colcon.colcon_installed_package_information.package_discovery:Found 363 installed packages in /opt/ros/humble
[0.202s] Level 1:colcon.colcon_core.package_discovery:discover_packages(prefix_path) using defaults
[0.225s] Level 5:colcon.colcon_core.verb:set package 'rosbag_player' build argument 'cmake_args' from command line to 'None'
[0.225s] Level 5:colcon.colcon_core.verb:set package 'rosbag_player' build argument 'cmake_target' from command line to 'None'
[0.225s] Level 5:colcon.colcon_core.verb:set package 'rosbag_player' build argument 'cmake_target_skip_unavailable' from command line to 'False'
[0.225s] Level 5:colcon.colcon_core.verb:set package 'rosbag_player' build argument 'cmake_clean_cache' from command line to 'False'
[0.225s] Level 5:colcon.colcon_core.verb:set package 'rosbag_player' build argument 'cmake_clean_first' from command line to 'False'
[0.225s] Level 5:colcon.colcon_core.verb:set package 'rosbag_player' build argument 'cmake_force_configure' from command line to 'False'
[0.225s] Level 5:colcon.colcon_core.verb:set package 'rosbag_player' build argument 'ament_cmake_args' from command line to 'None'
[0.226s] Level 5:colcon.colcon_core.verb:set package 'rosbag_player' build argument 'catkin_cmake_args' from command line to 'None'
[0.226s] Level 5:colcon.colcon_core.verb:set package 'rosbag_player' build argument 'catkin_skip_building_tests' from command line to 'False'
[0.226s] DEBUG:colcon.colcon_core.verb:Building package 'rosbag_player' with the following arguments: {'ament_cmake_args': None, 'build_base': '/home/xu/ACE/Script_db3_to_mp4-main/build/rosbag_player', 'catkin_cmake_args': None, 'catkin_skip_building_tests': False, 'cmake_args': None, 'cmake_clean_cache': False, 'cmake_clean_first': False, 'cmake_force_configure': False, 'cmake_target': None, 'cmake_target_skip_unavailable': False, 'install_base': '/home/xu/ACE/Script_db3_to_mp4-main/install/rosbag_player', 'merge_install': False, 'path': '/home/xu/ACE/Script_db3_to_mp4-main/src/utils/rosbag_player', 'symlink_install': False, 'test_result_base': None}
[0.226s] Level 5:colcon.colcon_core.verb:set package 'rosbag_vision' build argument 'cmake_args' from command line to 'None'
[0.226s] Level 5:colcon.colcon_core.verb:set package 'rosbag_vision' build argument 'cmake_target' from command line to 'None'
[0.226s] Level 5:colcon.colcon_core.verb:set package 'rosbag_vision' build argument 'cmake_target_skip_unavailable' from command line to 'False'
[0.226s] Level 5:colcon.colcon_core.verb:set package 'rosbag_vision' build argument 'cmake_clean_cache' from command line to 'False'
[0.226s] Level 5:colcon.colcon_core.verb:set package 'rosbag_vision' build argument 'cmake_clean_first' from command line to 'False'
[0.226s] Level 5:colcon.colcon_core.verb:set package 'rosbag_vision' build argument 'cmake_force_configure' from command line to 'False'
[0.226s] Level 5:colcon.colcon_core.verb:set package 'rosbag_vision' build argument 'ament_cmake_args' from command line to 'None'
[0.226s] Level 5:colcon.colcon_core.verb:set package 'rosbag_vision' build argument 'catkin_cmake_args' from command line to 'None'
[0.226s] Level 5:colcon.colcon_core.verb:set package 'rosbag_vision' build argument 'catkin_skip_building_tests' from command line to 'False'
[0.226s] DEBUG:colcon.colcon_core.verb:Building package 'rosbag_vision' with the following arguments: {'ament_cmake_args': None, 'build_base': '/home/xu/ACE/Script_db3_to_mp4-main/build/rosbag_vision', 'catkin_cmake_args': None, 'catkin_skip_building_tests': False, 'cmake_args': None, 'cmake_clean_cache': False, 'cmake_clean_first': False, 'cmake_force_configure': False, 'cmake_target': None, 'cmake_target_skip_unavailable': False, 'install_base': '/home/xu/ACE/Script_db3_to_mp4-main/install/rosbag_vision', 'merge_install': False, 'path': '/home/xu/ACE/Script_db3_to_mp4-main/src/rosbag_vision', 'symlink_install': False, 'test_result_base': None}
[0.226s] INFO:colcon.colcon_core.executor:Executing jobs using 'parallel' executor
[0.227s] DEBUG:colcon.colcon_parallel_executor.executor.parallel:run_until_complete
[0.227s] INFO:colcon.colcon_ros.task.ament_cmake.build:Building ROS package in '/home/xu/ACE/Script_db3_to_mp4-main/src/utils/rosbag_player' with build type 'ament_cmake'
[0.227s] INFO:colcon.colcon_cmake.task.cmake.build:Building CMake package in '/home/xu/ACE/Script_db3_to_mp4-main/src/utils/rosbag_player'
[0.228s] INFO:colcon.colcon_core.plugin_system:Skipping extension 'colcon_core.shell.bat': Not used on non-Windows systems
[0.228s] INFO:colcon.colcon_core.shell:Skip shell extension 'powershell' for command environment: Not usable outside of PowerShell
[0.228s] DEBUG:colcon.colcon_core.shell:Skip shell extension 'dsv' for command environment
[0.231s] INFO:colcon.colcon_ros.task.ament_cmake.build:Building ROS package in '/home/xu/ACE/Script_db3_to_mp4-main/src/rosbag_vision' with build type 'ament_cmake'
[0.231s] INFO:colcon.colcon_cmake.task.cmake.build:Building CMake package in '/home/xu/ACE/Script_db3_to_mp4-main/src/rosbag_vision'
[0.231s] INFO:colcon.colcon_core.shell:Skip shell extension 'powershell' for command environment: Not usable outside of PowerShell
[0.231s] DEBUG:colcon.colcon_core.shell:Skip shell extension 'dsv' for command environment
[0.236s] DEBUG:colcon.colcon_core.event_handler.log_command:Invoking command in '/home/xu/ACE/Script_db3_to_mp4-main/build/rosbag_player': CMAKE_PREFIX_PATH=/opt/ros/humble /usr/local/bin/cmake /home/xu/ACE/Script_db3_to_mp4-main/src/utils/rosbag_player -DCMAKE_INSTALL_PREFIX=/home/xu/ACE/Script_db3_to_mp4-main/install/rosbag_player
[0.240s] DEBUG:colcon.colcon_core.event_handler.log_command:Invoking command in '/home/xu/ACE/Script_db3_to_mp4-main/build/rosbag_vision': CMAKE_PREFIX_PATH=/opt/ros/humble /usr/local/bin/cmake /home/xu/ACE/Script_db3_to_mp4-main/src/rosbag_vision -DCMAKE_INSTALL_PREFIX=/home/xu/ACE/Script_db3_to_mp4-main/install/rosbag_vision
[0.792s] DEBUG:colcon.colcon_core.event_handler.log_command:Invoked command in '/home/xu/ACE/Script_db3_to_mp4-main/build/rosbag_player' returned '0': CMAKE_PREFIX_PATH=/opt/ros/humble /usr/local/bin/cmake /home/xu/ACE/Script_db3_to_mp4-main/src/utils/rosbag_player -DCMAKE_INSTALL_PREFIX=/home/xu/ACE/Script_db3_to_mp4-main/install/rosbag_player
[0.793s] DEBUG:colcon.colcon_core.event_handler.log_command:Invoking command in '/home/xu/ACE/Script_db3_to_mp4-main/build/rosbag_player': CMAKE_PREFIX_PATH=/opt/ros/humble /usr/local/bin/cmake --build /home/xu/ACE/Script_db3_to_mp4-main/build/rosbag_player -- -j12 -l12
[0.794s] DEBUG:colcon.colcon_core.event_handler.log_command:Invoked command in '/home/xu/ACE/Script_db3_to_mp4-main/build/rosbag_vision' returned '0': CMAKE_PREFIX_PATH=/opt/ros/humble /usr/local/bin/cmake /home/xu/ACE/Script_db3_to_mp4-main/src/rosbag_vision -DCMAKE_INSTALL_PREFIX=/home/xu/ACE/Script_db3_to_mp4-main/install/rosbag_vision
[0.795s] DEBUG:colcon.colcon_core.event_handler.log_command:Invoking command in '/home/xu/ACE/Script_db3_to_mp4-main/build/rosbag_vision': CMAKE_PREFIX_PATH=/opt/ros/humble /usr/local/bin/cmake --build /home/xu/ACE/Script_db3_to_mp4-main/build/rosbag_vision -- -j12 -l12
[0.810s] DEBUG:colcon.colcon_core.event_handler.log_command:Invoked command in '/home/xu/ACE/Script_db3_to_mp4-main/build/rosbag_vision' returned '0': CMAKE_PREFIX_PATH=/opt/ros/humble /usr/local/bin/cmake --build /home/xu/ACE/Script_db3_to_mp4-main/build/rosbag_vision -- -j12 -l12
[0.824s] DEBUG:colcon.colcon_core.event_handler.log_command:Invoking command in '/home/xu/ACE/Script_db3_to_mp4-main/build/rosbag_vision': CMAKE_PREFIX_PATH=/opt/ros/humble /usr/local/bin/cmake --install /home/xu/ACE/Script_db3_to_mp4-main/build/rosbag_vision
[0.828s] Level 1:colcon.colcon_core.environment:create_environment_scripts_only(rosbag_vision)
[0.829s] DEBUG:colcon.colcon_core.event_handler.log_command:Invoked command in '/home/xu/ACE/Script_db3_to_mp4-main/build/rosbag_vision' returned '0': CMAKE_PREFIX_PATH=/opt/ros/humble /usr/local/bin/cmake --install /home/xu/ACE/Script_db3_to_mp4-main/build/rosbag_vision
[0.830s] Level 1:colcon.colcon_core.environment:checking '/home/xu/ACE/Script_db3_to_mp4-main/install/rosbag_vision' for CMake module files
[0.830s] Level 1:colcon.colcon_core.environment:checking '/home/xu/ACE/Script_db3_to_mp4-main/install/rosbag_vision' for CMake config files
[0.831s] Level 1:colcon.colcon_core.shell:create_environment_hook('rosbag_vision', 'cmake_prefix_path')
[0.831s] INFO:colcon.colcon_core.shell:Creating environment hook '/home/xu/ACE/Script_db3_to_mp4-main/install/rosbag_vision/share/rosbag_vision/hook/cmake_prefix_path.ps1'
[0.831s] INFO:colcon.colcon_core.shell:Creating environment descriptor '/home/xu/ACE/Script_db3_to_mp4-main/install/rosbag_vision/share/rosbag_vision/hook/cmake_prefix_path.dsv'
[0.831s] INFO:colcon.colcon_core.shell:Creating environment hook '/home/xu/ACE/Script_db3_to_mp4-main/install/rosbag_vision/share/rosbag_vision/hook/cmake_prefix_path.sh'
[0.832s] Level 1:colcon.colcon_core.environment:checking '/home/xu/ACE/Script_db3_to_mp4-main/install/rosbag_vision/bin'
[0.832s] Level 1:colcon.colcon_core.environment:checking '/home/xu/ACE/Script_db3_to_mp4-main/install/rosbag_vision/lib/pkgconfig/rosbag_vision.pc'
[0.832s] Level 1:colcon.colcon_core.environment:checking '/home/xu/ACE/Script_db3_to_mp4-main/install/rosbag_vision/lib/python3.10/site-packages'
[0.832s] Level 1:colcon.colcon_core.environment:checking '/home/xu/ACE/Script_db3_to_mp4-main/install/rosbag_vision/bin'
[0.832s] INFO:colcon.colcon_core.shell:Creating package script '/home/xu/ACE/Script_db3_to_mp4-main/install/rosbag_vision/share/rosbag_vision/package.ps1'
[0.833s] INFO:colcon.colcon_core.shell:Creating package descriptor '/home/xu/ACE/Script_db3_to_mp4-main/install/rosbag_vision/share/rosbag_vision/package.dsv'
[0.833s] INFO:colcon.colcon_core.shell:Creating package script '/home/xu/ACE/Script_db3_to_mp4-main/install/rosbag_vision/share/rosbag_vision/package.sh'
[0.833s] INFO:colcon.colcon_core.shell:Creating package script '/home/xu/ACE/Script_db3_to_mp4-main/install/rosbag_vision/share/rosbag_vision/package.bash'
[0.834s] INFO:colcon.colcon_core.shell:Creating package script '/home/xu/ACE/Script_db3_to_mp4-main/install/rosbag_vision/share/rosbag_vision/package.zsh'
[0.834s] Level 1:colcon.colcon_core.environment:create_file_with_runtime_dependencies(/home/xu/ACE/Script_db3_to_mp4-main/install/rosbag_vision/share/colcon-core/packages/rosbag_vision)
[0.847s] Level 1:colcon.colcon_core.environment:create_environment_scripts_only(rosbag_vision)
[0.847s] Level 1:colcon.colcon_core.environment:checking '/home/xu/ACE/Script_db3_to_mp4-main/install/rosbag_vision' for CMake module files
[0.847s] Level 1:colcon.colcon_core.environment:checking '/home/xu/ACE/Script_db3_to_mp4-main/install/rosbag_vision' for CMake config files
[0.848s] Level 1:colcon.colcon_core.shell:create_environment_hook('rosbag_vision', 'cmake_prefix_path')
[0.848s] INFO:colcon.colcon_core.shell:Creating environment hook '/home/xu/ACE/Script_db3_to_mp4-main/install/rosbag_vision/share/rosbag_vision/hook/cmake_prefix_path.ps1'
[0.848s] INFO:colcon.colcon_core.shell:Creating environment descriptor '/home/xu/ACE/Script_db3_to_mp4-main/install/rosbag_vision/share/rosbag_vision/hook/cmake_prefix_path.dsv'
[0.848s] INFO:colcon.colcon_core.shell:Creating environment hook '/home/xu/ACE/Script_db3_to_mp4-main/install/rosbag_vision/share/rosbag_vision/hook/cmake_prefix_path.sh'
[0.849s] Level 1:colcon.colcon_core.environment:checking '/home/xu/ACE/Script_db3_to_mp4-main/install/rosbag_vision/bin'
[0.849s] Level 1:colcon.colcon_core.environment:checking '/home/xu/ACE/Script_db3_to_mp4-main/install/rosbag_vision/lib/pkgconfig/rosbag_vision.pc'
[0.849s] Level 1:colcon.colcon_core.environment:checking '/home/xu/ACE/Script_db3_to_mp4-main/install/rosbag_vision/lib/python3.10/site-packages'
[0.849s] Level 1:colcon.colcon_core.environment:checking '/home/xu/ACE/Script_db3_to_mp4-main/install/rosbag_vision/bin'
[0.849s] INFO:colcon.colcon_core.shell:Creating package script '/home/xu/ACE/Script_db3_to_mp4-main/install/rosbag_vision/share/rosbag_vision/package.ps1'
[0.849s] INFO:colcon.colcon_core.shell:Creating package descriptor '/home/xu/ACE/Script_db3_to_mp4-main/install/rosbag_vision/share/rosbag_vision/package.dsv'
[0.850s] INFO:colcon.colcon_core.shell:Creating package script '/home/xu/ACE/Script_db3_to_mp4-main/install/rosbag_vision/share/rosbag_vision/package.sh'
[0.850s] INFO:colcon.colcon_core.shell:Creating package script '/home/xu/ACE/Script_db3_to_mp4-main/install/rosbag_vision/share/rosbag_vision/package.bash'
[0.850s] INFO:colcon.colcon_core.shell:Creating package script '/home/xu/ACE/Script_db3_to_mp4-main/install/rosbag_vision/share/rosbag_vision/package.zsh'
[0.850s] Level 1:colcon.colcon_core.environment:create_file_with_runtime_dependencies(/home/xu/ACE/Script_db3_to_mp4-main/install/rosbag_vision/share/colcon-core/packages/rosbag_vision)
[5.739s] DEBUG:colcon.colcon_core.event_handler.log_command:Invoked command in '/home/xu/ACE/Script_db3_to_mp4-main/build/rosbag_player' returned '0': CMAKE_PREFIX_PATH=/opt/ros/humble /usr/local/bin/cmake --build /home/xu/ACE/Script_db3_to_mp4-main/build/rosbag_player -- -j12 -l12
[5.758s] DEBUG:colcon.colcon_core.event_handler.log_command:Invoking command in '/home/xu/ACE/Script_db3_to_mp4-main/build/rosbag_player': CMAKE_PREFIX_PATH=/opt/ros/humble /usr/local/bin/cmake --install /home/xu/ACE/Script_db3_to_mp4-main/build/rosbag_player
[5.766s] Level 1:colcon.colcon_core.environment:create_environment_scripts_only(rosbag_player)
[5.766s] Level 1:colcon.colcon_core.environment:checking '/home/xu/ACE/Script_db3_to_mp4-main/install/rosbag_player' for CMake module files
[5.767s] DEBUG:colcon.colcon_core.event_handler.log_command:Invoked command in '/home/xu/ACE/Script_db3_to_mp4-main/build/rosbag_player' returned '0': CMAKE_PREFIX_PATH=/opt/ros/humble /usr/local/bin/cmake --install /home/xu/ACE/Script_db3_to_mp4-main/build/rosbag_player
[5.767s] Level 1:colcon.colcon_core.environment:checking '/home/xu/ACE/Script_db3_to_mp4-main/install/rosbag_player' for CMake config files
[5.767s] Level 1:colcon.colcon_core.shell:create_environment_hook('rosbag_player', 'cmake_prefix_path')
[5.767s] INFO:colcon.colcon_core.shell:Creating environment hook '/home/xu/ACE/Script_db3_to_mp4-main/install/rosbag_player/share/rosbag_player/hook/cmake_prefix_path.ps1'
[5.768s] INFO:colcon.colcon_core.shell:Creating environment descriptor '/home/xu/ACE/Script_db3_to_mp4-main/install/rosbag_player/share/rosbag_player/hook/cmake_prefix_path.dsv'
[5.768s] INFO:colcon.colcon_core.shell:Creating environment hook '/home/xu/ACE/Script_db3_to_mp4-main/install/rosbag_player/share/rosbag_player/hook/cmake_prefix_path.sh'
[5.768s] Level 1:colcon.colcon_core.environment:checking '/home/xu/ACE/Script_db3_to_mp4-main/install/rosbag_player/lib'
[5.768s] Level 1:colcon.colcon_core.shell:create_environment_hook('rosbag_player', 'ld_library_path_lib')
[5.769s] INFO:colcon.colcon_core.shell:Creating environment hook '/home/xu/ACE/Script_db3_to_mp4-main/install/rosbag_player/share/rosbag_player/hook/ld_library_path_lib.ps1'
[5.769s] INFO:colcon.colcon_core.shell:Creating environment descriptor '/home/xu/ACE/Script_db3_to_mp4-main/install/rosbag_player/share/rosbag_player/hook/ld_library_path_lib.dsv'
[5.769s] INFO:colcon.colcon_core.shell:Creating environment hook '/home/xu/ACE/Script_db3_to_mp4-main/install/rosbag_player/share/rosbag_player/hook/ld_library_path_lib.sh'
[5.769s] Level 1:colcon.colcon_core.environment:checking '/home/xu/ACE/Script_db3_to_mp4-main/install/rosbag_player/bin'
[5.769s] Level 1:colcon.colcon_core.environment:checking '/home/xu/ACE/Script_db3_to_mp4-main/install/rosbag_player/lib/pkgconfig/rosbag_player.pc'
[5.770s] Level 1:colcon.colcon_core.environment:checking '/home/xu/ACE/Script_db3_to_mp4-main/install/rosbag_player/lib/python3.10/site-packages'
[5.770s] Level 1:colcon.colcon_core.environment:checking '/home/xu/ACE/Script_db3_to_mp4-main/install/rosbag_player/bin'
[5.770s] INFO:colcon.colcon_core.shell:Creating package script '/home/xu/ACE/Script_db3_to_mp4-main/install/rosbag_player/share/rosbag_player/package.ps1'
[5.770s] INFO:colcon.colcon_core.shell:Creating package descriptor '/home/xu/ACE/Script_db3_to_mp4-main/install/rosbag_player/share/rosbag_player/package.dsv'
[5.770s] INFO:colcon.colcon_core.shell:Creating package script '/home/xu/ACE/Script_db3_to_mp4-main/install/rosbag_player/share/rosbag_player/package.sh'
[5.770s] INFO:colcon.colcon_core.shell:Creating package script '/home/xu/ACE/Script_db3_to_mp4-main/install/rosbag_player/share/rosbag_player/package.bash'
[5.771s] INFO:colcon.colcon_core.shell:Creating package script '/home/xu/ACE/Script_db3_to_mp4-main/install/rosbag_player/share/rosbag_player/package.zsh'
[5.771s] Level 1:colcon.colcon_core.environment:create_file_with_runtime_dependencies(/home/xu/ACE/Script_db3_to_mp4-main/install/rosbag_player/share/colcon-core/packages/rosbag_player)
[5.786s] Level 1:colcon.colcon_core.environment:create_environment_scripts_only(rosbag_player)
[5.786s] Level 1:colcon.colcon_core.environment:checking '/home/xu/ACE/Script_db3_to_mp4-main/install/rosbag_player' for CMake module files
[5.786s] Level 1:colcon.colcon_core.environment:checking '/home/xu/ACE/Script_db3_to_mp4-main/install/rosbag_player' for CMake config files
[5.786s] Level 1:colcon.colcon_core.shell:create_environment_hook('rosbag_player', 'cmake_prefix_path')
[5.786s] INFO:colcon.colcon_core.shell:Creating environment hook '/home/xu/ACE/Script_db3_to_mp4-main/install/rosbag_player/share/rosbag_player/hook/cmake_prefix_path.ps1'
[5.787s] INFO:colcon.colcon_core.shell:Creating environment descriptor '/home/xu/ACE/Script_db3_to_mp4-main/install/rosbag_player/share/rosbag_player/hook/cmake_prefix_path.dsv'
[5.787s] INFO:colcon.colcon_core.shell:Creating environment hook '/home/xu/ACE/Script_db3_to_mp4-main/install/rosbag_player/share/rosbag_player/hook/cmake_prefix_path.sh'
[5.787s] Level 1:colcon.colcon_core.environment:checking '/home/xu/ACE/Script_db3_to_mp4-main/install/rosbag_player/lib'
[5.787s] Level 1:colcon.colcon_core.shell:create_environment_hook('rosbag_player', 'ld_library_path_lib')
[5.787s] INFO:colcon.colcon_core.shell:Creating environment hook '/home/xu/ACE/Script_db3_to_mp4-main/install/rosbag_player/share/rosbag_player/hook/ld_library_path_lib.ps1'
[5.787s] INFO:colcon.colcon_core.shell:Creating environment descriptor '/home/xu/ACE/Script_db3_to_mp4-main/install/rosbag_player/share/rosbag_player/hook/ld_library_path_lib.dsv'
[5.788s] INFO:colcon.colcon_core.shell:Creating environment hook '/home/xu/ACE/Script_db3_to_mp4-main/install/rosbag_player/share/rosbag_player/hook/ld_library_path_lib.sh'
[5.788s] Level 1:colcon.colcon_core.environment:checking '/home/xu/ACE/Script_db3_to_mp4-main/install/rosbag_player/bin'
[5.788s] Level 1:colcon.colcon_core.environment:checking '/home/xu/ACE/Script_db3_to_mp4-main/install/rosbag_player/lib/pkgconfig/rosbag_player.pc'
[5.788s] Level 1:colcon.colcon_core.environment:checking '/home/xu/ACE/Script_db3_to_mp4-main/install/rosbag_player/lib/python3.10/site-packages'
[5.788s] Level 1:colcon.colcon_core.environment:checking '/home/xu/ACE/Script_db3_to_mp4-main/install/rosbag_player/bin'
[5.788s] INFO:colcon.colcon_core.shell:Creating package script '/home/xu/ACE/Script_db3_to_mp4-main/install/rosbag_player/share/rosbag_player/package.ps1'
[5.789s] INFO:colcon.colcon_core.shell:Creating package descriptor '/home/xu/ACE/Script_db3_to_mp4-main/install/rosbag_player/share/rosbag_player/package.dsv'
[5.789s] INFO:colcon.colcon_core.shell:Creating package script '/home/xu/ACE/Script_db3_to_mp4-main/install/rosbag_player/share/rosbag_player/package.sh'
[5.789s] INFO:colcon.colcon_core.shell:Creating package script '/home/xu/ACE/Script_db3_to_mp4-main/install/rosbag_player/share/rosbag_player/package.bash'
[5.789s] INFO:colcon.colcon_core.shell:Creating package script '/home/xu/ACE/Script_db3_to_mp4-main/install/rosbag_player/share/rosbag_player/package.zsh'
[5.789s] Level 1:colcon.colcon_core.environment:create_file_with_runtime_dependencies(/home/xu/ACE/Script_db3_to_mp4-main/install/rosbag_player/share/colcon-core/packages/rosbag_player)
[5.789s] DEBUG:colcon.colcon_parallel_executor.executor.parallel:closing loop
[5.790s] DEBUG:colcon.colcon_parallel_executor.executor.parallel:loop closed
[5.790s] DEBUG:colcon.colcon_parallel_executor.executor.parallel:run_until_complete finished with '0'
[5.790s] DEBUG:colcon.colcon_core.event_reactor:joining thread
[5.795s] INFO:colcon.colcon_core.plugin_system:Skipping extension 'colcon_notification.desktop_notification.terminal_notifier': Not used on non-Darwin systems
[5.795s] INFO:colcon.colcon_core.plugin_system:Skipping extension 'colcon_notification.desktop_notification.win32': Not used on non-Windows systems
[5.795s] INFO:colcon.colcon_notification.desktop_notification:Sending desktop notification using 'notify2'
[5.804s] DEBUG:colcon.colcon_core.event_reactor:joined thread
[5.805s] INFO:colcon.colcon_core.shell:Creating prefix script '/home/xu/ACE/Script_db3_to_mp4-main/install/local_setup.ps1'
[5.805s] INFO:colcon.colcon_core.shell:Creating prefix util module '/home/xu/ACE/Script_db3_to_mp4-main/install/_local_setup_util_ps1.py'
[5.806s] INFO:colcon.colcon_core.shell:Creating prefix chain script '/home/xu/ACE/Script_db3_to_mp4-main/install/setup.ps1'
[5.807s] INFO:colcon.colcon_core.shell:Creating prefix script '/home/xu/ACE/Script_db3_to_mp4-main/install/local_setup.sh'
[5.807s] INFO:colcon.colcon_core.shell:Creating prefix util module '/home/xu/ACE/Script_db3_to_mp4-main/install/_local_setup_util_sh.py'
[5.807s] INFO:colcon.colcon_core.shell:Creating prefix chain script '/home/xu/ACE/Script_db3_to_mp4-main/install/setup.sh'
[5.808s] INFO:colcon.colcon_core.shell:Creating prefix script '/home/xu/ACE/Script_db3_to_mp4-main/install/local_setup.bash'
[5.808s] INFO:colcon.colcon_core.shell:Creating prefix chain script '/home/xu/ACE/Script_db3_to_mp4-main/install/setup.bash'
[5.808s] INFO:colcon.colcon_core.shell:Creating prefix script '/home/xu/ACE/Script_db3_to_mp4-main/install/local_setup.zsh'
[5.809s] INFO:colcon.colcon_core.shell:Creating prefix chain script '/home/xu/ACE/Script_db3_to_mp4-main/install/setup.zsh'
