[0.009s] Invoking command in '/home/xu/ACE/Script_db3_to_mp4-main/build/rosbag_player': CMAKE_PREFIX_PATH=/opt/ros/humble /usr/local/bin/cmake --build /home/xu/ACE/Script_db3_to_mp4-main/build/rosbag_player -- -j12 -l12
[0.035s] [ 50%] Built target rosbag_player_node
[0.037s] [100%] Built target rosbag_player
[0.043s] Invoked command in '/home/xu/ACE/Script_db3_to_mp4-main/build/rosbag_player' returned '0': CMAKE_PREFIX_PATH=/opt/ros/humble /usr/local/bin/cmake --build /home/xu/ACE/Script_db3_to_mp4-main/build/rosbag_player -- -j12 -l12
[0.059s] Invoking command in '/home/xu/ACE/Script_db3_to_mp4-main/build/rosbag_player': CMAKE_PREFIX_PATH=/opt/ros/humble /usr/local/bin/cmake --install /home/xu/ACE/Script_db3_to_mp4-main/build/rosbag_player
[0.062s] -- Install configuration: ""
[0.062s] -- Up-to-date: /home/xu/ACE/Script_db3_to_mp4-main/install/rosbag_player/lib/rosbag_player/rosbag_player_node
[0.062s] -- Up-to-date: /home/xu/ACE/Script_db3_to_mp4-main/install/rosbag_player/share/rosbag_player/environment/library_path.sh
[0.062s] -- Up-to-date: /home/xu/ACE/Script_db3_to_mp4-main/install/rosbag_player/share/rosbag_player/environment/library_path.dsv
[0.062s] -- Up-to-date: /home/xu/ACE/Script_db3_to_mp4-main/install/rosbag_player/lib/librosbag_player.so
[0.063s] -- Up-to-date: /home/xu/ACE/Script_db3_to_mp4-main/install/rosbag_player/share/ament_index/resource_index/package_run_dependencies/rosbag_player
[0.063s] -- Up-to-date: /home/xu/ACE/Script_db3_to_mp4-main/install/rosbag_player/share/ament_index/resource_index/parent_prefix_path/rosbag_player
[0.064s] -- Up-to-date: /home/xu/ACE/Script_db3_to_mp4-main/install/rosbag_player/share/rosbag_player/environment/ament_prefix_path.sh
[0.064s] -- Up-to-date: /home/xu/ACE/Script_db3_to_mp4-main/install/rosbag_player/share/rosbag_player/environment/ament_prefix_path.dsv
[0.064s] -- Up-to-date: /home/xu/ACE/Script_db3_to_mp4-main/install/rosbag_player/share/rosbag_player/environment/path.sh
[0.064s] -- Up-to-date: /home/xu/ACE/Script_db3_to_mp4-main/install/rosbag_player/share/rosbag_player/environment/path.dsv
[0.064s] -- Up-to-date: /home/xu/ACE/Script_db3_to_mp4-main/install/rosbag_player/share/rosbag_player/local_setup.bash
[0.064s] -- Up-to-date: /home/xu/ACE/Script_db3_to_mp4-main/install/rosbag_player/share/rosbag_player/local_setup.sh
[0.064s] -- Up-to-date: /home/xu/ACE/Script_db3_to_mp4-main/install/rosbag_player/share/rosbag_player/local_setup.zsh
[0.064s] -- Up-to-date: /home/xu/ACE/Script_db3_to_mp4-main/install/rosbag_player/share/rosbag_player/local_setup.dsv
[0.064s] -- Installing: /home/xu/ACE/Script_db3_to_mp4-main/install/rosbag_player/share/rosbag_player/package.dsv
[0.065s] -- Up-to-date: /home/xu/ACE/Script_db3_to_mp4-main/install/rosbag_player/share/ament_index/resource_index/packages/rosbag_player
[0.065s] -- Up-to-date: /home/xu/ACE/Script_db3_to_mp4-main/install/rosbag_player/share/ament_index/resource_index/rclcpp_components/rosbag_player
[0.065s] -- Up-to-date: /home/xu/ACE/Script_db3_to_mp4-main/install/rosbag_player/share/rosbag_player/cmake/ament_cmake_export_dependencies-extras.cmake
[0.065s] -- Up-to-date: /home/xu/ACE/Script_db3_to_mp4-main/install/rosbag_player/share/rosbag_player/cmake/ament_cmake_export_libraries-extras.cmake
[0.065s] -- Up-to-date: /home/xu/ACE/Script_db3_to_mp4-main/install/rosbag_player/share/rosbag_player/cmake/rosbag_playerConfig.cmake
[0.065s] -- Up-to-date: /home/xu/ACE/Script_db3_to_mp4-main/install/rosbag_player/share/rosbag_player/cmake/rosbag_playerConfig-version.cmake
[0.065s] -- Up-to-date: /home/xu/ACE/Script_db3_to_mp4-main/install/rosbag_player/share/rosbag_player/package.xml
[0.069s] Invoked command in '/home/xu/ACE/Script_db3_to_mp4-main/build/rosbag_player' returned '0': CMAKE_PREFIX_PATH=/opt/ros/humble /usr/local/bin/cmake --install /home/xu/ACE/Script_db3_to_mp4-main/build/rosbag_player
